#
# There is insufficient memory for the Java Runtime Environment to continue.
# Native memory allocation (mmap) failed to map 166723584 bytes for Failed to commit area from 0x0000000095900000 to 0x000000009f800000 of length 166723584.
# Possible reasons:
#   The system is out of physical RAM or swap space
#   The process is running with CompressedOops enabled, and the Java Heap may be blocking the growth of the native heap
# Possible solutions:
#   Reduce memory load on the system
#   Increase physical memory or swap space
#   Check if swap backing store is full
#   Decrease Java heap size (-Xmx/-Xms)
#   Decrease number of Java threads
#   Decrease Java thread stack sizes (-Xss)
#   Set larger code cache with -XX:ReservedCodeCacheSize=
#   JVM is running with Unscaled Compressed Oops mode in which the Java heap is
#     placed in the first 4GB address space. The Java Heap base address is the
#     maximum limit for the native heap growth. Please use -XX:HeapBaseMinAddress
#     to set the Java Heap base and to place the Java Heap above 4GB virtual address.
# This output file may be truncated or incomplete.
#
#  Out of Memory Error (./src/hotspot/os/windows/os_windows.cpp:3303), pid=12476, tid=12876
#
# JRE version: OpenJDK Runtime Environment (11.0.8+10) (build 11.0.8+10-b944.6842174)
# Java VM: OpenJDK 64-Bit Server VM (11.0.8+10-b944.6842174, mixed mode, tiered, compressed oops, g1 gc, windows-amd64)
# No core dump will be written. Minidumps are not enabled by default on client versions of Windows
#

---------------  S U M M A R Y ------------

Command Line: --add-opens=java.base/java.util=ALL-UNNAMED --add-opens=java.base/java.lang=ALL-UNNAMED --add-opens=java.base/java.lang.invoke=ALL-UNNAMED --add-opens=java.prefs/java.util.prefs=ALL-UNNAMED -Xmx2048m -Dfile.encoding=UTF-8 -Duser.country=IN -Duser.language=en -Duser.variant org.gradle.launcher.daemon.bootstrap.GradleDaemon 6.7.1

Host: Intel(R) Core(TM) i5-8250U CPU @ 1.60GHz, 8 cores, 7G,  Windows 10 , 64 bit Build 19041 (10.0.19041.1023)
Time: Wed Jul 21 23:09:04 2021 India Standard Time elapsed time: 9761 seconds (0d 2h 42m 41s)

---------------  T H R E A D  ---------------

Current thread (0x000001b15fb1f000):  VMThread "VM Thread" [stack: 0x00000013ba300000,0x00000013ba400000] [id=12876]

Stack: [0x00000013ba300000,0x00000013ba400000]
[error occurred during error reporting (printing stack bounds), id 0xc0000005, EXCEPTION_ACCESS_VIOLATION (0xc0000005) at pc=0x000001b1489e0dad]

Native frames: (J=compiled Java code, j=interpreted, Vv=VM code, C=native code)
V  [jvm.dll+0x5de50a]
V  [jvm.dll+0x7122f5]
V  [jvm.dll+0x71384d]
V  [jvm.dll+0x713e65]
V  [jvm.dll+0x713e1b]
V  [jvm.dll+0x5dd958]
V  [jvm.dll+0x5de0f8]
C  [ntdll.dll+0xa217f]
C  [ntdll.dll+0x51454]
C  [ntdll.dll+0xa0cae]
C  0x000001b1489e0dad

VM_Operation (0x00000013bc7f7f20): G1CollectForAllocation, mode: safepoint, requested by thread 0x000001b1681da800


---------------  P R O C E S S  ---------------

Threads class SMR info:
_java_thread_list=0x000001b167491580, length=53, elements={
0x000001b14505c000, 0x000001b15fb21000, 0x000001b15fb26000, 0x000001b1604a4800,
0x000001b1604a5800, 0x000001b1604a7000, 0x000001b15fb3d000, 0x000001b15fb3e800,
0x000001b1605f6000, 0x000001b160618000, 0x000001b161281800, 0x000001b161621800,
0x000001b1618b5000, 0x000001b16259d800, 0x000001b16259c000, 0x000001b16259f000,
0x000001b165e91800, 0x000001b165e95000, 0x000001b163083000, 0x000001b1681d3800,
0x000001b1681d1000, 0x000001b1681d2800, 0x000001b1681ce800, 0x000001b1681cf000,
0x000001b1681d6000, 0x000001b1681d0000, 0x000001b1681d6800, 0x000001b1681d7800,
0x000001b1681d1800, 0x000001b1681d8000, 0x000001b1681d9000, 0x000001b1681db800,
0x000001b1681da800, 0x000001b1681da000, 0x000001b1681dc800, 0x000001b1681dd000,
0x000001b163077000, 0x000001b163078000, 0x000001b163076000, 0x000001b161567800,
0x000001b161565000, 0x000001b161561800, 0x000001b161568800, 0x000001b161569000,
0x000001b16156a000, 0x000001b16156a800, 0x000001b16156b800, 0x000001b161566000,
0x000001b16156c800, 0x000001b167bec800, 0x000001b167be7000, 0x000001b167bef000,
0x000001b167beb000
}

Java Threads: ( => current thread )
  0x000001b14505c000 JavaThread "main" [_thread_blocked, id=2720, stack(0x00000013b9d00000,0x00000013b9e00000)]
  0x000001b15fb21000 JavaThread "Reference Handler" daemon [_thread_blocked, id=9184, stack(0x00000013ba400000,0x00000013ba500000)]
  0x000001b15fb26000 JavaThread "Finalizer" daemon [_thread_blocked, id=13696, stack(0x00000013ba500000,0x00000013ba600000)]
  0x000001b1604a4800 JavaThread "Signal Dispatcher" daemon [_thread_blocked, id=14020, stack(0x00000013ba600000,0x00000013ba700000)]
  0x000001b1604a5800 JavaThread "Attach Listener" daemon [_thread_blocked, id=13196, stack(0x00000013ba700000,0x00000013ba800000)]
  0x000001b1604a7000 JavaThread "C2 CompilerThread0" daemon [_thread_blocked, id=9036, stack(0x00000013ba800000,0x00000013ba900000)]
  0x000001b15fb3d000 JavaThread "C1 CompilerThread0" daemon [_thread_blocked, id=13928, stack(0x00000013ba900000,0x00000013baa00000)]
  0x000001b15fb3e800 JavaThread "Sweeper thread" daemon [_thread_blocked, id=12284, stack(0x00000013baa00000,0x00000013bab00000)]
  0x000001b1605f6000 JavaThread "Common-Cleaner" daemon [_thread_blocked, id=11092, stack(0x00000013bab00000,0x00000013bac00000)]
  0x000001b160618000 JavaThread "Service Thread" daemon [_thread_blocked, id=7724, stack(0x00000013bac00000,0x00000013bad00000)]
  0x000001b161281800 JavaThread "Daemon health stats" [_thread_blocked, id=7708, stack(0x00000013bae00000,0x00000013baf00000)]
  0x000001b161621800 JavaThread "Incoming local TCP Connector on port 54054" [_thread_in_native, id=5492, stack(0x00000013bb300000,0x00000013bb400000)]
  0x000001b1618b5000 JavaThread "Daemon periodic checks" [_thread_blocked, id=1356, stack(0x00000013bb400000,0x00000013bb500000)]
  0x000001b16259d800 JavaThread "Cache worker for file hash cache (C:\Users\shivam\.gradle\caches\6.7.1\fileHashes)" [_thread_blocked, id=3288, stack(0x00000013bc200000,0x00000013bc300000)]
  0x000001b16259c000 JavaThread "File lock request listener" [_thread_in_native, id=13920, stack(0x00000013bc300000,0x00000013bc400000)]
  0x000001b16259f000 JavaThread "Cache worker for journal cache (C:\Users\shivam\.gradle\caches\journal-1)" [_thread_blocked, id=10824, stack(0x00000013bc500000,0x00000013bc600000)]
  0x000001b165e91800 JavaThread "Cache worker for execution history cache (C:\Users\shivam\.gradle\caches\6.7.1\executionHistory)" [_thread_blocked, id=2836, stack(0x00000013be000000,0x00000013be100000)]
  0x000001b165e95000 JavaThread "Cache worker for file content cache (C:\Users\shivam\.gradle\caches\6.7.1\fileContent)" [_thread_blocked, id=7208, stack(0x00000013be100000,0x00000013be200000)]
  0x000001b163083000 JavaThread "Memory manager" [_thread_blocked, id=9052, stack(0x00000013c4d00000,0x00000013c4e00000)]
  0x000001b1681d3800 JavaThread "pool-3-thread-1" [_thread_blocked, id=8408, stack(0x00000013c4e00000,0x00000013c4f00000)]
  0x000001b1681d1000 JavaThread "Daemon Thread 2" [_thread_blocked, id=5752, stack(0x00000013b9a00000,0x00000013b9b00000)]
  0x000001b1681d2800 JavaThread "Handler for socket connection from /127.0.0.1:54054 to /127.0.0.1:64537" [_thread_in_native, id=2092, stack(0x00000013b9b00000,0x00000013b9c00000)]
  0x000001b1681ce800 JavaThread "Cancel handler" [_thread_blocked, id=11868, stack(0x00000013b9c00000,0x00000013b9d00000)]
  0x000001b1681cf000 JavaThread "Daemon worker Thread 2" [_thread_blocked, id=11200, stack(0x00000013bb100000,0x00000013bb200000)]
  0x000001b1681d6000 JavaThread "Asynchronous log dispatcher for DefaultDaemonConnection: socket connection from /127.0.0.1:54054 to /127.0.0.1:64537" [_thread_blocked, id=7164, stack(0x00000013bb200000,0x00000013bb300000)]
  0x000001b1681d0000 JavaThread "Thread-159" [_thread_blocked, id=5704, stack(0x00000013bb600000,0x00000013bb700000)]
  0x000001b1681d6800 JavaThread "Cache worker for file hash cache (C:\Users\shivam\Desktop\Sehat\.gradle\6.7.1\fileHashes)" [_thread_blocked, id=10604, stack(0x00000013bb700000,0x00000013bb800000)]
  0x000001b1681d7800 JavaThread "Cache worker for checksums cache (C:\Users\shivam\Desktop\Sehat\.gradle\checksums)" [_thread_blocked, id=14304, stack(0x00000013bb800000,0x00000013bb900000)]
  0x000001b1681d1800 JavaThread "Cache worker for cache directory md-supplier (C:\Users\shivam\.gradle\caches\6.7.1\md-supplier)" [_thread_blocked, id=9204, stack(0x00000013bb900000,0x00000013bba00000)]
  0x000001b1681d8000 JavaThread "Cache worker for cache directory md-rule (C:\Users\shivam\.gradle\caches\6.7.1\md-rule)" [_thread_blocked, id=13008, stack(0x00000013bba00000,0x00000013bbb00000)]
  0x000001b1681d9000 JavaThread "Cache worker for Build Output Cleanup Cache (C:\Users\shivam\Desktop\Sehat\.gradle\buildOutputCleanup)" [_thread_blocked, id=14060, stack(0x00000013bc600000,0x00000013bc700000)]
  0x000001b1681db800 JavaThread "Build operations" [_thread_blocked, id=12328, stack(0x00000013bbb00000,0x00000013bbc00000)]
  0x000001b1681da800 JavaThread "Build operations Thread 2" [_thread_blocked, id=10456, stack(0x00000013bc700000,0x00000013bc800000)]
  0x000001b1681da000 JavaThread "Build operations Thread 3" [_thread_blocked, id=13708, stack(0x00000013bc800000,0x00000013bc900000)]
  0x000001b1681dc800 JavaThread "Build operations Thread 4" [_thread_blocked, id=8028, stack(0x00000013bc900000,0x00000013bca00000)]
  0x000001b1681dd000 JavaThread "Build operations Thread 5" [_thread_blocked, id=676, stack(0x00000013bca00000,0x00000013bcb00000)]
  0x000001b163077000 JavaThread "Build operations Thread 6" [_thread_blocked, id=8300, stack(0x00000013bcb00000,0x00000013bcc00000)]
  0x000001b163078000 JavaThread "Build operations Thread 7" [_thread_blocked, id=13804, stack(0x00000013bcc00000,0x00000013bcd00000)]
  0x000001b163076000 JavaThread "Build operations Thread 8" [_thread_blocked, id=5248, stack(0x00000013bcd00000,0x00000013bce00000)]
  0x000001b161567800 JavaThread "build event listener" [_thread_blocked, id=1776, stack(0x00000013c4700000,0x00000013c4800000)]
  0x000001b161565000 JavaThread "pool-6-thread-1" [_thread_blocked, id=2280, stack(0x00000013c4900000,0x00000013c4a00000)]
  0x000001b161561800 JavaThread "build event listener" [_thread_blocked, id=2456, stack(0x00000013c4a00000,0x00000013c4b00000)]
  0x000001b161568800 JavaThread "Execution worker for ':'" [_thread_blocked, id=14068, stack(0x00000013c4b00000,0x00000013c4c00000)]
  0x000001b161569000 JavaThread "Execution worker for ':' Thread 2" [_thread_blocked, id=6964, stack(0x00000013c4c00000,0x00000013c4d00000)]
  0x000001b16156a000 JavaThread "Execution worker for ':' Thread 3" [_thread_blocked, id=11504, stack(0x00000013c4f00000,0x00000013c5000000)]
  0x000001b16156a800 JavaThread "Execution worker for ':' Thread 4" [_thread_blocked, id=11208, stack(0x00000013c5000000,0x00000013c5100000)]
  0x000001b16156b800 JavaThread "Execution worker for ':' Thread 5" [_thread_blocked, id=10804, stack(0x00000013c5100000,0x00000013c5200000)]
  0x000001b161566000 JavaThread "Execution worker for ':' Thread 6" [_thread_blocked, id=12256, stack(0x00000013c5200000,0x00000013c5300000)]
  0x000001b16156c800 JavaThread "Execution worker for ':' Thread 7" [_thread_blocked, id=10672, stack(0x00000013c5300000,0x00000013c5400000)]
  0x000001b167bec800 JavaThread "Cache worker for execution history cache (C:\Users\shivam\Desktop\Sehat\.gradle\6.7.1\executionHistory)" [_thread_blocked, id=14092, stack(0x00000013c5400000,0x00000013c5500000)]
  0x000001b167be7000 JavaThread "WorkerExecutor Queue Thread 3" [_thread_blocked, id=15268, stack(0x00000013c5600000,0x00000013c5700000)]
  0x000001b167bef000 JavaThread "WorkerExecutor Queue Thread 8" [_thread_blocked, id=15288, stack(0x00000013c5b00000,0x00000013c5c00000)]
  0x000001b167beb000 JavaThread "WorkerExecutor Queue Thread 10" [_thread_blocked, id=11648, stack(0x00000013bce00000,0x00000013bcf00000)]

Other Threads:
=>0x000001b15fb1f000 VMThread "VM Thread" [stack: 0x00000013ba300000,0x00000013ba400000] [id=12876]
  0x000001b16061a800 WatcherThread [stack: 0x00000013bad00000,0x00000013bae00000] [id=10384]
  0x000001b145074800 GCTaskThread "GC Thread#0" [stack: 0x00000013b9e00000,0x00000013b9f00000] [id=11048]
  0x000001b161276800 GCTaskThread "GC Thread#1" [stack: 0x00000013baf00000,0x00000013bb000000] [id=10016]
  0x000001b1610ac800 GCTaskThread "GC Thread#2" [stack: 0x00000013bb000000,0x00000013bb100000] [id=9100]
  0x000001b161352000 GCTaskThread "GC Thread#3" [stack: 0x00000013bbc00000,0x00000013bbd00000] [id=12324]
  0x000001b16255b000 GCTaskThread "GC Thread#4" [stack: 0x00000013bbd00000,0x00000013bbe00000] [id=7800]
  0x000001b162b2e800 GCTaskThread "GC Thread#5" [stack: 0x00000013bbe00000,0x00000013bbf00000] [id=288]
  0x000001b161f43000 GCTaskThread "GC Thread#6" [stack: 0x00000013bbf00000,0x00000013bc000000] [id=10344]
  0x000001b16266d000 GCTaskThread "GC Thread#7" [stack: 0x00000013bc000000,0x00000013bc100000] [id=9460]
  0x000001b1450a4000 ConcurrentGCThread "G1 Main Marker" [stack: 0x00000013b9f00000,0x00000013ba000000] [id=4516]
  0x000001b1450a8800 ConcurrentGCThread "G1 Conc#0" [stack: 0x00000013ba000000,0x00000013ba100000] [id=13072]
  0x000001b1624e6800 ConcurrentGCThread "G1 Conc#1" [stack: 0x00000013bc400000,0x00000013bc500000] [id=8468]
  0x000001b15f970800 ConcurrentGCThread "G1 Refine#0" [stack: 0x00000013ba100000,0x00000013ba200000] [id=8472]
  0x000001b162b1f800 ConcurrentGCThread "G1 Refine#1" [stack: 0x00000013bc100000,0x00000013bc200000] [id=9228]
  0x000001b15f971800 ConcurrentGCThread "G1 Young RemSet Sampling" [stack: 0x00000013ba200000,0x00000013ba300000] [id=12624]

Threads with active compile tasks:
C2 CompilerThread09762509 18813   !   4       sun.nio.cs.US_ASCII$Decoder::decodeArrayLoop (297 bytes)

VM state:at safepoint (normal execution)

VM Mutex/Monitor currently owned by a thread:  ([mutex/lock_event])
[0x000001b145059230] Threads_lock - owner thread: 0x000001b15fb1f000
[0x000001b1450586f0] Heap_lock - owner thread: 0x000001b1681da800

Heap address: 0x0000000080000000, size: 2048 MB, Compressed Oops mode: 32-bit
Narrow klass base: 0x0000000000000000, Narrow klass shift: 3
Compressed class space size: 1073741824 Address: 0x0000000100000000

Heap:
 garbage-first heap   total 516096K, used 164131K [0x0000000080000000, 0x0000000100000000)
  region size 1024K, 2 young (2048K), 2 survivors (2048K)
 Metaspace       used 131451K, capacity 134408K, committed 134528K, reserved 1167360K
  class space    used 16154K, capacity 17247K, committed 17280K, reserved 1048576K
Heap Regions: E=young(eden), S=young(survivor), O=old, HS=humongous(starts), HC=humongous(continues), CS=collection set, F=free, A=archive, TAMS=top-at-mark-start (previous, next)
|   0|0x0000000080000000, 0x0000000080100000, 0x0000000080100000|100%| O|  |TAMS 0x0000000080100000, 0x0000000080000000| Untracked 
|   1|0x0000000080100000, 0x0000000080200000, 0x0000000080200000|100%| O|  |TAMS 0x0000000080200000, 0x0000000080100000| Untracked 
|   2|0x0000000080200000, 0x0000000080300000, 0x0000000080300000|100%| O|  |TAMS 0x0000000080300000, 0x0000000080200000| Untracked 
|   3|0x0000000080300000, 0x0000000080400000, 0x0000000080400000|100%|HS|  |TAMS 0x0000000080400000, 0x0000000080300000| Complete 
|   4|0x0000000080400000, 0x0000000080500000, 0x0000000080500000|100%|HC|  |TAMS 0x0000000080500000, 0x0000000080400000| Complete 
|   5|0x0000000080500000, 0x0000000080600000, 0x0000000080600000|100%|HC|  |TAMS 0x0000000080600000, 0x0000000080500000| Complete 
|   6|0x0000000080600000, 0x0000000080700000, 0x0000000080700000|100%| O|  |TAMS 0x0000000080700000, 0x0000000080600000| Untracked 
|   7|0x0000000080700000, 0x0000000080800000, 0x0000000080800000|100%| O|  |TAMS 0x0000000080800000, 0x0000000080700000| Untracked 
|   8|0x0000000080800000, 0x0000000080900000, 0x0000000080900000|100%| O|  |TAMS 0x0000000080900000, 0x0000000080800000| Complete 
|   9|0x0000000080900000, 0x0000000080a00000, 0x0000000080a00000|100%| O|  |TAMS 0x0000000080a00000, 0x0000000080900000| Complete 
|  10|0x0000000080a00000, 0x0000000080b00000, 0x0000000080b00000|100%| O|  |TAMS 0x0000000080b00000, 0x0000000080a00000| Untracked 
|  11|0x0000000080b00000, 0x0000000080c00000, 0x0000000080c00000|100%| O|  |TAMS 0x0000000080c00000, 0x0000000080b00000| Untracked 
|  12|0x0000000080c00000, 0x0000000080d00000, 0x0000000080d00000|100%| O|  |TAMS 0x0000000080d00000, 0x0000000080c00000| Complete 
|  13|0x0000000080d00000, 0x0000000080e00000, 0x0000000080e00000|100%| O|  |TAMS 0x0000000080e00000, 0x0000000080d00000| Untracked 
|  14|0x0000000080e00000, 0x0000000080f00000, 0x0000000080f00000|100%| O|  |TAMS 0x0000000080f00000, 0x0000000080e00000| Complete 
|  15|0x0000000080f00000, 0x0000000081000000, 0x0000000081000000|100%| O|  |TAMS 0x0000000081000000, 0x0000000080f00000| Complete 
|  16|0x0000000081000000, 0x0000000081100000, 0x0000000081100000|100%|HS|  |TAMS 0x0000000081100000, 0x0000000081000000| Complete 
|  17|0x0000000081100000, 0x0000000081200000, 0x0000000081200000|100%|HC|  |TAMS 0x0000000081200000, 0x0000000081100000| Complete 
|  18|0x0000000081200000, 0x0000000081300000, 0x0000000081300000|100%|HS|  |TAMS 0x0000000081300000, 0x0000000081200000| Complete 
|  19|0x0000000081300000, 0x0000000081400000, 0x0000000081400000|100%|HC|  |TAMS 0x0000000081400000, 0x0000000081300000| Complete 
|  20|0x0000000081400000, 0x0000000081500000, 0x0000000081500000|100%|HC|  |TAMS 0x0000000081500000, 0x0000000081400000| Complete 
|  21|0x0000000081500000, 0x0000000081600000, 0x0000000081600000|100%|HS|  |TAMS 0x0000000081600000, 0x0000000081500000| Complete 
|  22|0x0000000081600000, 0x0000000081700000, 0x0000000081700000|100%|HC|  |TAMS 0x0000000081700000, 0x0000000081600000| Complete 
|  23|0x0000000081700000, 0x0000000081800000, 0x0000000081800000|100%|HC|  |TAMS 0x0000000081800000, 0x0000000081700000| Complete 
|  24|0x0000000081800000, 0x0000000081900000, 0x0000000081900000|100%|HC|  |TAMS 0x0000000081900000, 0x0000000081800000| Complete 
|  25|0x0000000081900000, 0x0000000081a00000, 0x0000000081a00000|100%| O|  |TAMS 0x0000000081a00000, 0x0000000081900000| Untracked 
|  26|0x0000000081a00000, 0x0000000081b00000, 0x0000000081b00000|100%| O|  |TAMS 0x0000000081b00000, 0x0000000081a00000| Complete 
|  27|0x0000000081b00000, 0x0000000081c00000, 0x0000000081c00000|100%| O|  |TAMS 0x0000000081c00000, 0x0000000081b00000| Untracked 
|  28|0x0000000081c00000, 0x0000000081d00000, 0x0000000081d00000|100%| O|  |TAMS 0x0000000081d00000, 0x0000000081c00000| Complete 
|  29|0x0000000081d00000, 0x0000000081e00000, 0x0000000081e00000|100%| O|  |TAMS 0x0000000081e00000, 0x0000000081d00000| Complete 
|  30|0x0000000081e00000, 0x0000000081f00000, 0x0000000081f00000|100%|HS|  |TAMS 0x0000000081f00000, 0x0000000081e00000| Complete 
|  31|0x0000000081f00000, 0x0000000082000000, 0x0000000082000000|100%|HC|  |TAMS 0x0000000082000000, 0x0000000081f00000| Complete 
|  32|0x0000000082000000, 0x0000000082100000, 0x0000000082100000|100%|HC|  |TAMS 0x0000000082100000, 0x0000000082000000| Complete 
|  33|0x0000000082100000, 0x0000000082200000, 0x0000000082200000|100%|HS|  |TAMS 0x0000000082200000, 0x0000000082100000| Complete 
|  34|0x0000000082200000, 0x0000000082300000, 0x0000000082300000|100%|HC|  |TAMS 0x0000000082300000, 0x0000000082200000| Complete 
|  35|0x0000000082300000, 0x0000000082400000, 0x0000000082400000|100%|HC|  |TAMS 0x0000000082400000, 0x0000000082300000| Complete 
|  36|0x0000000082400000, 0x0000000082500000, 0x0000000082500000|100%|HC|  |TAMS 0x0000000082500000, 0x0000000082400000| Complete 
|  37|0x0000000082500000, 0x0000000082600000, 0x0000000082600000|100%| O|  |TAMS 0x0000000082600000, 0x0000000082500000| Complete 
|  38|0x0000000082600000, 0x0000000082700000, 0x0000000082700000|100%| O|  |TAMS 0x0000000082700000, 0x0000000082600000| Complete 
|  39|0x0000000082700000, 0x0000000082800000, 0x0000000082800000|100%| O|  |TAMS 0x0000000082800000, 0x0000000082700000| Untracked 
|  40|0x0000000082800000, 0x0000000082900000, 0x0000000082900000|100%| O|  |TAMS 0x0000000082900000, 0x0000000082800000| Complete 
|  41|0x0000000082900000, 0x0000000082a00000, 0x0000000082a00000|100%| O|  |TAMS 0x0000000082a00000, 0x0000000082900000| Complete 
|  42|0x0000000082a00000, 0x0000000082b00000, 0x0000000082b00000|100%| O|  |TAMS 0x0000000082b00000, 0x0000000082a00000| Complete 
|  43|0x0000000082b00000, 0x0000000082c00000, 0x0000000082c00000|100%| O|  |TAMS 0x0000000082c00000, 0x0000000082b00000| Complete 
|  44|0x0000000082c00000, 0x0000000082d00000, 0x0000000082d00000|100%| O|  |TAMS 0x0000000082d00000, 0x0000000082c00000| Untracked 
|  45|0x0000000082d00000, 0x0000000082e00000, 0x0000000082e00000|100%| O|  |TAMS 0x0000000082e00000, 0x0000000082d00000| Untracked 
|  46|0x0000000082e00000, 0x0000000082f00000, 0x0000000082f00000|100%| O|  |TAMS 0x0000000082f00000, 0x0000000082e00000| Untracked 
|  47|0x0000000082f00000, 0x0000000083000000, 0x0000000083000000|100%| O|  |TAMS 0x0000000083000000, 0x0000000082f00000| Untracked 
|  48|0x0000000083000000, 0x0000000083100000, 0x0000000083100000|100%| O|  |TAMS 0x0000000083100000, 0x0000000083000000| Complete 
|  49|0x0000000083100000, 0x0000000083200000, 0x0000000083200000|100%|HS|  |TAMS 0x0000000083200000, 0x0000000083100000| Complete 
|  50|0x0000000083200000, 0x0000000083300000, 0x0000000083300000|100%|HS|  |TAMS 0x0000000083300000, 0x0000000083200000| Complete 
|  51|0x0000000083300000, 0x0000000083400000, 0x0000000083400000|100%|HS|  |TAMS 0x0000000083400000, 0x0000000083300000| Complete 
|  52|0x0000000083400000, 0x0000000083500000, 0x0000000083500000|100%|HC|  |TAMS 0x0000000083500000, 0x0000000083400000| Complete 
|  53|0x0000000083500000, 0x0000000083600000, 0x0000000083600000|100%|HC|  |TAMS 0x0000000083600000, 0x0000000083500000| Complete 
|  54|0x0000000083600000, 0x0000000083700000, 0x0000000083700000|100%|HS|  |TAMS 0x0000000083700000, 0x0000000083600000| Complete 
|  55|0x0000000083700000, 0x0000000083800000, 0x0000000083800000|100%|HC|  |TAMS 0x0000000083800000, 0x0000000083700000| Complete 
|  56|0x0000000083800000, 0x0000000083900000, 0x0000000083900000|100%| O|  |TAMS 0x0000000083900000, 0x0000000083800000| Untracked 
|  57|0x0000000083900000, 0x0000000083a00000, 0x0000000083a00000|100%| O|  |TAMS 0x0000000083a00000, 0x0000000083900000| Untracked 
|  58|0x0000000083a00000, 0x0000000083b00000, 0x0000000083b00000|100%| O|  |TAMS 0x0000000083b00000, 0x0000000083a00000| Untracked 
|  59|0x0000000083b00000, 0x0000000083c00000, 0x0000000083c00000|100%| O|  |TAMS 0x0000000083c00000, 0x0000000083b00000| Untracked 
|  60|0x0000000083c00000, 0x0000000083d00000, 0x0000000083d00000|100%| O|  |TAMS 0x0000000083d00000, 0x0000000083c00000| Untracked 
|  61|0x0000000083d00000, 0x0000000083e00000, 0x0000000083e00000|100%| O|  |TAMS 0x0000000083e00000, 0x0000000083d00000| Untracked 
|  62|0x0000000083e00000, 0x0000000083f00000, 0x0000000083f00000|100%| O|  |TAMS 0x0000000083f00000, 0x0000000083e00000| Complete 
|  63|0x0000000083f00000, 0x0000000084000000, 0x0000000084000000|100%| O|  |TAMS 0x0000000084000000, 0x0000000083f00000| Untracked 
|  64|0x0000000084000000, 0x0000000084100000, 0x0000000084100000|100%| O|  |TAMS 0x0000000084100000, 0x0000000084000000| Untracked 
|  65|0x0000000084100000, 0x0000000084200000, 0x0000000084200000|100%| O|  |TAMS 0x0000000084200000, 0x0000000084100000| Untracked 
|  66|0x0000000084200000, 0x0000000084300000, 0x0000000084300000|100%| O|  |TAMS 0x0000000084300000, 0x0000000084200000| Untracked 
|  67|0x0000000084300000, 0x0000000084400000, 0x0000000084400000|100%| O|  |TAMS 0x0000000084400000, 0x0000000084300000| Complete 
|  68|0x0000000084400000, 0x0000000084500000, 0x0000000084500000|100%| O|  |TAMS 0x0000000084500000, 0x0000000084400000| Complete 
|  69|0x0000000084500000, 0x0000000084600000, 0x0000000084600000|100%|HS|  |TAMS 0x0000000084600000, 0x0000000084500000| Complete 
|  70|0x0000000084600000, 0x0000000084700000, 0x0000000084700000|100%| O|  |TAMS 0x0000000084700000, 0x0000000084600000| Untracked 
|  71|0x0000000084700000, 0x0000000084800000, 0x0000000084800000|100%| O|  |TAMS 0x0000000084800000, 0x0000000084700000| Complete 
|  72|0x0000000084800000, 0x0000000084900000, 0x0000000084900000|100%| O|  |TAMS 0x0000000084900000, 0x0000000084800000| Untracked 
|  73|0x0000000084900000, 0x0000000084a00000, 0x0000000084a00000|100%| O|  |TAMS 0x0000000084a00000, 0x0000000084900000| Complete 
|  74|0x0000000084a00000, 0x0000000084b00000, 0x0000000084b00000|100%| O|  |TAMS 0x0000000084b00000, 0x0000000084a00000| Complete 
|  75|0x0000000084b00000, 0x0000000084c00000, 0x0000000084c00000|100%| O|  |TAMS 0x0000000084c00000, 0x0000000084b00000| Untracked 
|  76|0x0000000084c00000, 0x0000000084d00000, 0x0000000084d00000|100%| O|  |TAMS 0x0000000084d00000, 0x0000000084c00000| Complete 
|  77|0x0000000084d00000, 0x0000000084e00000, 0x0000000084e00000|100%| O|  |TAMS 0x0000000084e00000, 0x0000000084d00000| Untracked 
|  78|0x0000000084e00000, 0x0000000084f00000, 0x0000000084f00000|100%| O|  |TAMS 0x0000000084f00000, 0x0000000084e00000| Untracked 
|  79|0x0000000084f00000, 0x0000000085000000, 0x0000000085000000|100%| O|  |TAMS 0x0000000085000000, 0x0000000084f00000| Complete 
|  80|0x0000000085000000, 0x0000000085100000, 0x0000000085100000|100%| O|  |TAMS 0x0000000085100000, 0x0000000085000000| Untracked 
|  81|0x0000000085100000, 0x0000000085200000, 0x0000000085200000|100%| O|  |TAMS 0x0000000085200000, 0x0000000085100000| Untracked 
|  82|0x0000000085200000, 0x0000000085300000, 0x0000000085300000|100%| O|  |TAMS 0x0000000085300000, 0x0000000085200000| Complete 
|  83|0x0000000085300000, 0x0000000085400000, 0x0000000085400000|100%| O|  |TAMS 0x0000000085400000, 0x0000000085300000| Complete 
|  84|0x0000000085400000, 0x0000000085500000, 0x0000000085500000|100%| O|  |TAMS 0x0000000085500000, 0x0000000085400000| Untracked 
|  85|0x0000000085500000, 0x0000000085600000, 0x0000000085600000|100%| O|  |TAMS 0x0000000085600000, 0x0000000085500000| Untracked 
|  86|0x0000000085600000, 0x0000000085700000, 0x0000000085700000|100%| O|  |TAMS 0x0000000085700000, 0x0000000085600000| Untracked 
|  87|0x0000000085700000, 0x0000000085800000, 0x0000000085800000|100%| O|  |TAMS 0x0000000085800000, 0x0000000085700000| Complete 
|  88|0x0000000085800000, 0x0000000085900000, 0x0000000085900000|100%| O|  |TAMS 0x0000000085900000, 0x0000000085800000| Untracked 
|  89|0x0000000085900000, 0x0000000085a00000, 0x0000000085a00000|100%| O|  |TAMS 0x0000000085a00000, 0x0000000085900000| Untracked 
|  90|0x0000000085a00000, 0x0000000085b00000, 0x0000000085b00000|100%| O|  |TAMS 0x0000000085b00000, 0x0000000085a00000| Complete 
|  91|0x0000000085b00000, 0x0000000085c00000, 0x0000000085c00000|100%| O|  |TAMS 0x0000000085c00000, 0x0000000085b00000| Complete 
|  92|0x0000000085c00000, 0x0000000085d00000, 0x0000000085d00000|100%| O|  |TAMS 0x0000000085d00000, 0x0000000085c00000| Untracked 
|  93|0x0000000085d00000, 0x0000000085e00000, 0x0000000085e00000|100%| O|  |TAMS 0x0000000085e00000, 0x0000000085d00000| Complete 
|  94|0x0000000085e00000, 0x0000000085f00000, 0x0000000085f00000|100%| O|  |TAMS 0x0000000085f00000, 0x0000000085e00000| Complete 
|  95|0x0000000085f00000, 0x0000000086000000, 0x0000000086000000|100%| O|  |TAMS 0x0000000086000000, 0x0000000085f00000| Untracked 
|  96|0x0000000086000000, 0x0000000086100000, 0x0000000086100000|100%| O|  |TAMS 0x0000000086100000, 0x0000000086000000| Untracked 
|  97|0x0000000086100000, 0x0000000086200000, 0x0000000086200000|100%| O|  |TAMS 0x0000000086200000, 0x0000000086100000| Untracked 
|  98|0x0000000086200000, 0x0000000086300000, 0x0000000086300000|100%| O|  |TAMS 0x0000000086300000, 0x0000000086200000| Untracked 
|  99|0x0000000086300000, 0x0000000086400000, 0x0000000086400000|100%| O|  |TAMS 0x0000000086400000, 0x0000000086300000| Complete 
| 100|0x0000000086400000, 0x0000000086500000, 0x0000000086500000|100%| O|  |TAMS 0x0000000086500000, 0x0000000086400000| Complete 
| 101|0x0000000086500000, 0x0000000086600000, 0x0000000086600000|100%| O|  |TAMS 0x0000000086600000, 0x0000000086500000| Complete 
| 102|0x0000000086600000, 0x0000000086600000, 0x0000000086700000|  0%| F|  |TAMS 0x0000000086600000, 0x0000000086600000| Untracked 
| 103|0x0000000086700000, 0x0000000086800000, 0x0000000086800000|100%| O|  |TAMS 0x0000000086800000, 0x0000000086700000| Complete 
| 104|0x0000000086800000, 0x0000000086900000, 0x0000000086900000|100%| O|  |TAMS 0x0000000086900000, 0x0000000086800000| Complete 
| 105|0x0000000086900000, 0x0000000086a00000, 0x0000000086a00000|100%| O|  |TAMS 0x0000000086a00000, 0x0000000086900000| Untracked 
| 106|0x0000000086a00000, 0x0000000086a00000, 0x0000000086b00000|  0%| F|  |TAMS 0x0000000086a00000, 0x0000000086a00000| Untracked 
| 107|0x0000000086b00000, 0x0000000086c00000, 0x0000000086c00000|100%| O|  |TAMS 0x0000000086c00000, 0x0000000086b00000| Complete 
| 108|0x0000000086c00000, 0x0000000086c00000, 0x0000000086d00000|  0%| F|  |TAMS 0x0000000086c00000, 0x0000000086c00000| Untracked 
| 109|0x0000000086d00000, 0x0000000086e00000, 0x0000000086e00000|100%| O|  |TAMS 0x0000000086e00000, 0x0000000086d00000| Complete 
| 110|0x0000000086e00000, 0x0000000086f00000, 0x0000000086f00000|100%| O|  |TAMS 0x0000000086f00000, 0x0000000086e00000| Complete 
| 111|0x0000000086f00000, 0x0000000087000000, 0x0000000087000000|100%| O|  |TAMS 0x0000000087000000, 0x0000000086f00000| Complete 
| 112|0x0000000087000000, 0x0000000087100000, 0x0000000087100000|100%| O|  |TAMS 0x0000000087100000, 0x0000000087000000| Untracked 
| 113|0x0000000087100000, 0x0000000087200000, 0x0000000087200000|100%| O|  |TAMS 0x0000000087200000, 0x0000000087100000| Complete 
| 114|0x0000000087200000, 0x0000000087300000, 0x0000000087300000|100%| O|  |TAMS 0x0000000087300000, 0x0000000087200000| Complete 
| 115|0x0000000087300000, 0x0000000087400000, 0x0000000087400000|100%| O|  |TAMS 0x0000000087400000, 0x0000000087300000| Complete 
| 116|0x0000000087400000, 0x0000000087400000, 0x0000000087500000|  0%| F|  |TAMS 0x0000000087400000, 0x0000000087400000| Untracked 
| 117|0x0000000087500000, 0x0000000087600000, 0x0000000087600000|100%| O|  |TAMS 0x0000000087600000, 0x0000000087500000| Complete 
| 118|0x0000000087600000, 0x0000000087700000, 0x0000000087700000|100%| O|  |TAMS 0x0000000087700000, 0x0000000087600000| Untracked 
| 119|0x0000000087700000, 0x0000000087800000, 0x0000000087800000|100%| O|  |TAMS 0x0000000087800000, 0x0000000087700000| Untracked 
| 120|0x0000000087800000, 0x0000000087900000, 0x0000000087900000|100%| O|  |TAMS 0x0000000087900000, 0x0000000087800000| Untracked 
| 121|0x0000000087900000, 0x0000000087a00000, 0x0000000087a00000|100%| O|  |TAMS 0x0000000087a00000, 0x0000000087900000| Complete 
| 122|0x0000000087a00000, 0x0000000087b00000, 0x0000000087b00000|100%| O|  |TAMS 0x0000000087b00000, 0x0000000087a00000| Complete 
| 123|0x0000000087b00000, 0x0000000087c00000, 0x0000000087c00000|100%| O|  |TAMS 0x0000000087c00000, 0x0000000087b00000| Complete 
| 124|0x0000000087c00000, 0x0000000087d00000, 0x0000000087d00000|100%| O|  |TAMS 0x0000000087d00000, 0x0000000087c00000| Complete 
| 125|0x0000000087d00000, 0x0000000087e00000, 0x0000000087e00000|100%| O|  |TAMS 0x0000000087e00000, 0x0000000087d00000| Complete 
| 126|0x0000000087e00000, 0x0000000087f00000, 0x0000000087f00000|100%| O|  |TAMS 0x0000000087f00000, 0x0000000087e00000| Complete 
| 127|0x0000000087f00000, 0x0000000088000000, 0x0000000088000000|100%| O|  |TAMS 0x0000000088000000, 0x0000000087f00000| Complete 
| 128|0x0000000088000000, 0x0000000088100000, 0x0000000088100000|100%| O|  |TAMS 0x0000000088100000, 0x0000000088000000| Complete 
| 129|0x0000000088100000, 0x0000000088200000, 0x0000000088200000|100%| O|  |TAMS 0x0000000088200000, 0x0000000088100000| Complete 
| 130|0x0000000088200000, 0x0000000088300000, 0x0000000088300000|100%| O|  |TAMS 0x0000000088300000, 0x0000000088200000| Complete 
| 131|0x0000000088300000, 0x0000000088400000, 0x0000000088400000|100%| O|  |TAMS 0x0000000088400000, 0x0000000088300000| Complete 
| 132|0x0000000088400000, 0x0000000088400000, 0x0000000088500000|  0%| F|  |TAMS 0x0000000088400000, 0x0000000088400000| Untracked 
| 133|0x0000000088500000, 0x0000000088500000, 0x0000000088600000|  0%| F|  |TAMS 0x0000000088500000, 0x0000000088500000| Untracked 
| 134|0x0000000088600000, 0x0000000088700000, 0x0000000088700000|100%| O|  |TAMS 0x0000000088700000, 0x0000000088600000| Untracked 
| 135|0x0000000088700000, 0x0000000088800000, 0x0000000088800000|100%| O|  |TAMS 0x0000000088800000, 0x0000000088700000| Untracked 
| 136|0x0000000088800000, 0x0000000088800000, 0x0000000088900000|  0%| F|  |TAMS 0x0000000088800000, 0x0000000088800000| Untracked 
| 137|0x0000000088900000, 0x0000000088a00000, 0x0000000088a00000|100%| O|  |TAMS 0x0000000088a00000, 0x0000000088900000| Untracked 
| 138|0x0000000088a00000, 0x0000000088b00000, 0x0000000088b00000|100%| O|  |TAMS 0x0000000088b00000, 0x0000000088a00000| Untracked 
| 139|0x0000000088b00000, 0x0000000088c00000, 0x0000000088c00000|100%| O|  |TAMS 0x0000000088c00000, 0x0000000088b00000| Complete 
| 140|0x0000000088c00000, 0x0000000088d00000, 0x0000000088d00000|100%| O|  |TAMS 0x0000000088d00000, 0x0000000088c00000| Untracked 
| 141|0x0000000088d00000, 0x0000000088e00000, 0x0000000088e00000|100%| O|  |TAMS 0x0000000088e00000, 0x0000000088d00000| Untracked 
| 142|0x0000000088e00000, 0x0000000088f00000, 0x0000000088f00000|100%| O|  |TAMS 0x0000000088f00000, 0x0000000088e00000| Untracked 
| 143|0x0000000088f00000, 0x0000000089000000, 0x0000000089000000|100%| O|  |TAMS 0x0000000089000000, 0x0000000088f00000| Complete 
| 144|0x0000000089000000, 0x0000000089100000, 0x0000000089100000|100%| O|  |TAMS 0x0000000089100000, 0x0000000089000000| Complete 
| 145|0x0000000089100000, 0x0000000089200000, 0x0000000089200000|100%| O|  |TAMS 0x000000008919bc00, 0x0000000089100000| Untracked 
| 146|0x0000000089200000, 0x0000000089300000, 0x0000000089300000|100%| O|  |TAMS 0x0000000089200000, 0x0000000089200000| Untracked 
| 147|0x0000000089300000, 0x0000000089400000, 0x0000000089400000|100%| O|  |TAMS 0x0000000089300000, 0x0000000089300000| Untracked 
| 148|0x0000000089400000, 0x0000000089500000, 0x0000000089500000|100%| O|  |TAMS 0x0000000089400000, 0x0000000089400000| Untracked 
| 149|0x0000000089500000, 0x0000000089600000, 0x0000000089600000|100%| O|  |TAMS 0x0000000089500000, 0x0000000089500000| Untracked 
| 150|0x0000000089600000, 0x0000000089700000, 0x0000000089700000|100%| O|  |TAMS 0x0000000089600000, 0x0000000089600000| Untracked 
| 151|0x0000000089700000, 0x0000000089800000, 0x0000000089800000|100%| O|  |TAMS 0x0000000089700000, 0x0000000089700000| Untracked 
| 152|0x0000000089800000, 0x0000000089900000, 0x0000000089900000|100%| O|  |TAMS 0x0000000089800000, 0x0000000089800000| Untracked 
| 153|0x0000000089900000, 0x0000000089a00000, 0x0000000089a00000|100%| O|  |TAMS 0x0000000089900000, 0x0000000089900000| Untracked 
| 154|0x0000000089a00000, 0x0000000089b00000, 0x0000000089b00000|100%| O|  |TAMS 0x0000000089a00000, 0x0000000089a00000| Untracked 
| 155|0x0000000089b00000, 0x0000000089c00000, 0x0000000089c00000|100%| O|  |TAMS 0x0000000089b00000, 0x0000000089b00000| Untracked 
| 156|0x0000000089c00000, 0x0000000089d00000, 0x0000000089d00000|100%| O|  |TAMS 0x0000000089c00000, 0x0000000089c00000| Untracked 
| 157|0x0000000089d00000, 0x0000000089e00000, 0x0000000089e00000|100%| O|  |TAMS 0x0000000089d00000, 0x0000000089d00000| Untracked 
| 158|0x0000000089e00000, 0x0000000089f00000, 0x0000000089f00000|100%| O|  |TAMS 0x0000000089e00000, 0x0000000089e00000| Untracked 
| 159|0x0000000089f00000, 0x000000008a000000, 0x000000008a000000|100%| O|  |TAMS 0x0000000089f00000, 0x0000000089f00000| Untracked 
| 160|0x000000008a000000, 0x000000008a100000, 0x000000008a100000|100%| O|  |TAMS 0x000000008a000000, 0x000000008a000000| Untracked 
| 161|0x000000008a100000, 0x000000008a200000, 0x000000008a200000|100%| O|  |TAMS 0x000000008a100000, 0x000000008a100000| Untracked 
| 162|0x000000008a200000, 0x000000008a300000, 0x000000008a300000|100%| O|  |TAMS 0x000000008a200000, 0x000000008a200000| Untracked 
| 163|0x000000008a300000, 0x000000008a400000, 0x000000008a400000|100%| O|  |TAMS 0x000000008a300000, 0x000000008a300000| Untracked 
| 164|0x000000008a400000, 0x000000008a500000, 0x000000008a500000|100%| O|  |TAMS 0x000000008a400000, 0x000000008a400000| Untracked 
| 165|0x000000008a500000, 0x000000008a5a6600, 0x000000008a600000| 64%| O|  |TAMS 0x000000008a500000, 0x000000008a500000| Untracked 
| 166|0x000000008a600000, 0x000000008a600000, 0x000000008a700000|  0%| F|  |TAMS 0x000000008a600000, 0x000000008a600000| Untracked 
| 167|0x000000008a700000, 0x000000008a700000, 0x000000008a800000|  0%| F|  |TAMS 0x000000008a700000, 0x000000008a700000| Untracked 
| 168|0x000000008a800000, 0x000000008a800000, 0x000000008a900000|  0%| F|  |TAMS 0x000000008a800000, 0x000000008a800000| Untracked 
| 169|0x000000008a900000, 0x000000008a900000, 0x000000008aa00000|  0%| F|  |TAMS 0x000000008a900000, 0x000000008a900000| Untracked 
| 170|0x000000008aa00000, 0x000000008aa00000, 0x000000008ab00000|  0%| F|  |TAMS 0x000000008aa00000, 0x000000008aa00000| Untracked 
| 171|0x000000008ab00000, 0x000000008ab00000, 0x000000008ac00000|  0%| F|  |TAMS 0x000000008ab00000, 0x000000008ab00000| Untracked 
| 172|0x000000008ac00000, 0x000000008ac00000, 0x000000008ad00000|  0%| F|  |TAMS 0x000000008ac00000, 0x000000008ac00000| Untracked 
| 173|0x000000008ad00000, 0x000000008ad00000, 0x000000008ae00000|  0%| F|  |TAMS 0x000000008ad00000, 0x000000008ad00000| Untracked 
| 174|0x000000008ae00000, 0x000000008ae00000, 0x000000008af00000|  0%| F|  |TAMS 0x000000008ae00000, 0x000000008ae00000| Untracked 
| 175|0x000000008af00000, 0x000000008af00000, 0x000000008b000000|  0%| F|  |TAMS 0x000000008af00000, 0x000000008af00000| Untracked 
| 176|0x000000008b000000, 0x000000008b000000, 0x000000008b100000|  0%| F|  |TAMS 0x000000008b000000, 0x000000008b000000| Untracked 
| 177|0x000000008b100000, 0x000000008b100000, 0x000000008b200000|  0%| F|  |TAMS 0x000000008b100000, 0x000000008b100000| Untracked 
| 178|0x000000008b200000, 0x000000008b200000, 0x000000008b300000|  0%| F|  |TAMS 0x000000008b200000, 0x000000008b200000| Untracked 
| 179|0x000000008b300000, 0x000000008b300000, 0x000000008b400000|  0%| F|  |TAMS 0x000000008b300000, 0x000000008b300000| Untracked 
| 180|0x000000008b400000, 0x000000008b400000, 0x000000008b500000|  0%| F|  |TAMS 0x000000008b400000, 0x000000008b400000| Untracked 
| 181|0x000000008b500000, 0x000000008b500000, 0x000000008b600000|  0%| F|  |TAMS 0x000000008b500000, 0x000000008b500000| Untracked 
| 182|0x000000008b600000, 0x000000008b600000, 0x000000008b700000|  0%| F|  |TAMS 0x000000008b600000, 0x000000008b600000| Untracked 
| 183|0x000000008b700000, 0x000000008b700000, 0x000000008b800000|  0%| F|  |TAMS 0x000000008b700000, 0x000000008b700000| Untracked 
| 184|0x000000008b800000, 0x000000008b800000, 0x000000008b900000|  0%| F|  |TAMS 0x000000008b800000, 0x000000008b800000| Untracked 
| 185|0x000000008b900000, 0x000000008b900000, 0x000000008ba00000|  0%| F|  |TAMS 0x000000008b900000, 0x000000008b900000| Untracked 
| 186|0x000000008ba00000, 0x000000008ba00000, 0x000000008bb00000|  0%| F|  |TAMS 0x000000008ba00000, 0x000000008ba00000| Untracked 
| 187|0x000000008bb00000, 0x000000008bb00000, 0x000000008bc00000|  0%| F|  |TAMS 0x000000008bb00000, 0x000000008bb00000| Untracked 
| 188|0x000000008bc00000, 0x000000008bc00000, 0x000000008bd00000|  0%| F|  |TAMS 0x000000008bc00000, 0x000000008bc00000| Untracked 
| 189|0x000000008bd00000, 0x000000008bd00000, 0x000000008be00000|  0%| F|  |TAMS 0x000000008bd00000, 0x000000008bd00000| Untracked 
| 190|0x000000008be00000, 0x000000008be00000, 0x000000008bf00000|  0%| F|  |TAMS 0x000000008be00000, 0x000000008be00000| Untracked 
| 191|0x000000008bf00000, 0x000000008bf00000, 0x000000008c000000|  0%| F|  |TAMS 0x000000008bf00000, 0x000000008bf00000| Untracked 
| 192|0x000000008c000000, 0x000000008c000000, 0x000000008c100000|  0%| F|  |TAMS 0x000000008c000000, 0x000000008c000000| Untracked 
| 193|0x000000008c100000, 0x000000008c100000, 0x000000008c200000|  0%| F|  |TAMS 0x000000008c100000, 0x000000008c100000| Untracked 
| 194|0x000000008c200000, 0x000000008c200000, 0x000000008c300000|  0%| F|  |TAMS 0x000000008c200000, 0x000000008c200000| Untracked 
| 195|0x000000008c300000, 0x000000008c300000, 0x000000008c400000|  0%| F|  |TAMS 0x000000008c300000, 0x000000008c300000| Untracked 
| 196|0x000000008c400000, 0x000000008c400000, 0x000000008c500000|  0%| F|  |TAMS 0x000000008c400000, 0x000000008c400000| Untracked 
| 197|0x000000008c500000, 0x000000008c500000, 0x000000008c600000|  0%| F|  |TAMS 0x000000008c500000, 0x000000008c500000| Untracked 
| 198|0x000000008c600000, 0x000000008c600000, 0x000000008c700000|  0%| F|  |TAMS 0x000000008c600000, 0x000000008c600000| Untracked 
| 199|0x000000008c700000, 0x000000008c700000, 0x000000008c800000|  0%| F|  |TAMS 0x000000008c700000, 0x000000008c700000| Untracked 
| 200|0x000000008c800000, 0x000000008c800000, 0x000000008c900000|  0%| F|  |TAMS 0x000000008c800000, 0x000000008c800000| Untracked 
| 201|0x000000008c900000, 0x000000008c900000, 0x000000008ca00000|  0%| F|  |TAMS 0x000000008c900000, 0x000000008c900000| Untracked 
| 202|0x000000008ca00000, 0x000000008ca00000, 0x000000008cb00000|  0%| F|  |TAMS 0x000000008ca00000, 0x000000008ca00000| Untracked 
| 203|0x000000008cb00000, 0x000000008cb00000, 0x000000008cc00000|  0%| F|  |TAMS 0x000000008cb00000, 0x000000008cb00000| Untracked 
| 204|0x000000008cc00000, 0x000000008cc00000, 0x000000008cd00000|  0%| F|  |TAMS 0x000000008cc00000, 0x000000008cc00000| Untracked 
| 205|0x000000008cd00000, 0x000000008cd00000, 0x000000008ce00000|  0%| F|  |TAMS 0x000000008cd00000, 0x000000008cd00000| Untracked 
| 206|0x000000008ce00000, 0x000000008ce00000, 0x000000008cf00000|  0%| F|  |TAMS 0x000000008ce00000, 0x000000008ce00000| Untracked 
| 207|0x000000008cf00000, 0x000000008cf00000, 0x000000008d000000|  0%| F|  |TAMS 0x000000008cf00000, 0x000000008cf00000| Untracked 
| 208|0x000000008d000000, 0x000000008d000000, 0x000000008d100000|  0%| F|  |TAMS 0x000000008d000000, 0x000000008d000000| Untracked 
| 209|0x000000008d100000, 0x000000008d100000, 0x000000008d200000|  0%| F|  |TAMS 0x000000008d100000, 0x000000008d100000| Untracked 
| 210|0x000000008d200000, 0x000000008d200000, 0x000000008d300000|  0%| F|  |TAMS 0x000000008d200000, 0x000000008d200000| Untracked 
| 211|0x000000008d300000, 0x000000008d300000, 0x000000008d400000|  0%| F|  |TAMS 0x000000008d300000, 0x000000008d300000| Untracked 
| 212|0x000000008d400000, 0x000000008d400000, 0x000000008d500000|  0%| F|  |TAMS 0x000000008d400000, 0x000000008d400000| Untracked 
| 213|0x000000008d500000, 0x000000008d500000, 0x000000008d600000|  0%| F|  |TAMS 0x000000008d500000, 0x000000008d500000| Untracked 
| 214|0x000000008d600000, 0x000000008d600000, 0x000000008d700000|  0%| F|  |TAMS 0x000000008d600000, 0x000000008d600000| Untracked 
| 215|0x000000008d700000, 0x000000008d700000, 0x000000008d800000|  0%| F|  |TAMS 0x000000008d700000, 0x000000008d700000| Untracked 
| 216|0x000000008d800000, 0x000000008d800000, 0x000000008d900000|  0%| F|  |TAMS 0x000000008d800000, 0x000000008d800000| Untracked 
| 217|0x000000008d900000, 0x000000008d900000, 0x000000008da00000|  0%| F|  |TAMS 0x000000008d900000, 0x000000008d900000| Untracked 
| 218|0x000000008da00000, 0x000000008da00000, 0x000000008db00000|  0%| F|  |TAMS 0x000000008da00000, 0x000000008da00000| Untracked 
| 219|0x000000008db00000, 0x000000008db00000, 0x000000008dc00000|  0%| F|  |TAMS 0x000000008db00000, 0x000000008db00000| Untracked 
| 220|0x000000008dc00000, 0x000000008dc00000, 0x000000008dd00000|  0%| F|  |TAMS 0x000000008dc00000, 0x000000008dc00000| Untracked 
| 221|0x000000008dd00000, 0x000000008dd00000, 0x000000008de00000|  0%| F|  |TAMS 0x000000008dd00000, 0x000000008dd00000| Untracked 
| 222|0x000000008de00000, 0x000000008de00000, 0x000000008df00000|  0%| F|  |TAMS 0x000000008de00000, 0x000000008de00000| Untracked 
| 223|0x000000008df00000, 0x000000008df00000, 0x000000008e000000|  0%| F|  |TAMS 0x000000008df00000, 0x000000008df00000| Untracked 
| 224|0x000000008e000000, 0x000000008e000000, 0x000000008e100000|  0%| F|  |TAMS 0x000000008e000000, 0x000000008e000000| Untracked 
| 225|0x000000008e100000, 0x000000008e100000, 0x000000008e200000|  0%| F|  |TAMS 0x000000008e100000, 0x000000008e100000| Untracked 
| 226|0x000000008e200000, 0x000000008e200000, 0x000000008e300000|  0%| F|  |TAMS 0x000000008e200000, 0x000000008e200000| Untracked 
| 227|0x000000008e300000, 0x000000008e300000, 0x000000008e400000|  0%| F|  |TAMS 0x000000008e300000, 0x000000008e300000| Untracked 
| 228|0x000000008e400000, 0x000000008e400000, 0x000000008e500000|  0%| F|  |TAMS 0x000000008e400000, 0x000000008e400000| Untracked 
| 229|0x000000008e500000, 0x000000008e500000, 0x000000008e600000|  0%| F|  |TAMS 0x000000008e500000, 0x000000008e500000| Untracked 
| 230|0x000000008e600000, 0x000000008e600000, 0x000000008e700000|  0%| F|  |TAMS 0x000000008e600000, 0x000000008e600000| Untracked 
| 231|0x000000008e700000, 0x000000008e700000, 0x000000008e800000|  0%| F|  |TAMS 0x000000008e700000, 0x000000008e700000| Untracked 
| 232|0x000000008e800000, 0x000000008e800000, 0x000000008e900000|  0%| F|  |TAMS 0x000000008e800000, 0x000000008e800000| Untracked 
| 233|0x000000008e900000, 0x000000008e900000, 0x000000008ea00000|  0%| F|  |TAMS 0x000000008e900000, 0x000000008e900000| Untracked 
| 234|0x000000008ea00000, 0x000000008ea00000, 0x000000008eb00000|  0%| F|  |TAMS 0x000000008ea00000, 0x000000008ea00000| Untracked 
| 235|0x000000008eb00000, 0x000000008eb00000, 0x000000008ec00000|  0%| F|  |TAMS 0x000000008eb00000, 0x000000008eb00000| Untracked 
| 236|0x000000008ec00000, 0x000000008ec00000, 0x000000008ed00000|  0%| F|  |TAMS 0x000000008ec00000, 0x000000008ec00000| Untracked 
| 237|0x000000008ed00000, 0x000000008ed00000, 0x000000008ee00000|  0%| F|  |TAMS 0x000000008ed00000, 0x000000008ed00000| Untracked 
| 238|0x000000008ee00000, 0x000000008ee00000, 0x000000008ef00000|  0%| F|  |TAMS 0x000000008ee00000, 0x000000008ee00000| Untracked 
| 239|0x000000008ef00000, 0x000000008ef00000, 0x000000008f000000|  0%| F|  |TAMS 0x000000008ef00000, 0x000000008ef00000| Untracked 
| 240|0x000000008f000000, 0x000000008f000000, 0x000000008f100000|  0%| F|  |TAMS 0x000000008f000000, 0x000000008f000000| Untracked 
| 241|0x000000008f100000, 0x000000008f100000, 0x000000008f200000|  0%| F|  |TAMS 0x000000008f100000, 0x000000008f100000| Untracked 
| 242|0x000000008f200000, 0x000000008f200000, 0x000000008f300000|  0%| F|  |TAMS 0x000000008f200000, 0x000000008f200000| Untracked 
| 243|0x000000008f300000, 0x000000008f300000, 0x000000008f400000|  0%| F|  |TAMS 0x000000008f300000, 0x000000008f300000| Untracked 
| 244|0x000000008f400000, 0x000000008f400000, 0x000000008f500000|  0%| F|  |TAMS 0x000000008f400000, 0x000000008f400000| Untracked 
| 245|0x000000008f500000, 0x000000008f500000, 0x000000008f600000|  0%| F|  |TAMS 0x000000008f500000, 0x000000008f500000| Untracked 
| 246|0x000000008f600000, 0x000000008f600000, 0x000000008f700000|  0%| F|  |TAMS 0x000000008f600000, 0x000000008f600000| Untracked 
| 247|0x000000008f700000, 0x000000008f700000, 0x000000008f800000|  0%| F|  |TAMS 0x000000008f700000, 0x000000008f700000| Untracked 
| 248|0x000000008f800000, 0x000000008f800000, 0x000000008f900000|  0%| F|  |TAMS 0x000000008f800000, 0x000000008f800000| Untracked 
| 249|0x000000008f900000, 0x000000008f900000, 0x000000008fa00000|  0%| F|  |TAMS 0x000000008f900000, 0x000000008f900000| Untracked 
| 250|0x000000008fa00000, 0x000000008fa00000, 0x000000008fb00000|  0%| F|  |TAMS 0x000000008fa00000, 0x000000008fa00000| Untracked 
| 251|0x000000008fb00000, 0x000000008fb00000, 0x000000008fc00000|  0%| F|  |TAMS 0x000000008fb00000, 0x000000008fb00000| Untracked 
| 252|0x000000008fc00000, 0x000000008fc00000, 0x000000008fd00000|  0%| F|  |TAMS 0x000000008fc00000, 0x000000008fc00000| Untracked 
| 253|0x000000008fd00000, 0x000000008fd00000, 0x000000008fe00000|  0%| F|  |TAMS 0x000000008fd00000, 0x000000008fd00000| Untracked 
| 254|0x000000008fe00000, 0x000000008fe00000, 0x000000008ff00000|  0%| F|  |TAMS 0x000000008fe00000, 0x000000008fe00000| Untracked 
| 255|0x000000008ff00000, 0x000000008ff00000, 0x0000000090000000|  0%| F|  |TAMS 0x000000008ff00000, 0x000000008ff00000| Untracked 
| 256|0x0000000090000000, 0x0000000090000000, 0x0000000090100000|  0%| F|  |TAMS 0x0000000090000000, 0x0000000090000000| Untracked 
| 257|0x0000000090100000, 0x0000000090100000, 0x0000000090200000|  0%| F|  |TAMS 0x0000000090100000, 0x0000000090100000| Untracked 
| 258|0x0000000090200000, 0x0000000090200000, 0x0000000090300000|  0%| F|  |TAMS 0x0000000090200000, 0x0000000090200000| Untracked 
| 259|0x0000000090300000, 0x0000000090300000, 0x0000000090400000|  0%| F|  |TAMS 0x0000000090300000, 0x0000000090300000| Untracked 
| 260|0x0000000090400000, 0x0000000090400000, 0x0000000090500000|  0%| F|  |TAMS 0x0000000090400000, 0x0000000090400000| Untracked 
| 261|0x0000000090500000, 0x0000000090500000, 0x0000000090600000|  0%| F|  |TAMS 0x0000000090500000, 0x0000000090500000| Untracked 
| 262|0x0000000090600000, 0x0000000090600000, 0x0000000090700000|  0%| F|  |TAMS 0x0000000090600000, 0x0000000090600000| Untracked 
| 263|0x0000000090700000, 0x0000000090700000, 0x0000000090800000|  0%| F|  |TAMS 0x0000000090700000, 0x0000000090700000| Untracked 
| 264|0x0000000090800000, 0x0000000090800000, 0x0000000090900000|  0%| F|  |TAMS 0x0000000090800000, 0x0000000090800000| Untracked 
| 265|0x0000000090900000, 0x0000000090900000, 0x0000000090a00000|  0%| F|  |TAMS 0x0000000090900000, 0x0000000090900000| Untracked 
| 266|0x0000000090a00000, 0x0000000090a00000, 0x0000000090b00000|  0%| F|  |TAMS 0x0000000090a00000, 0x0000000090a00000| Untracked 
| 267|0x0000000090b00000, 0x0000000090b00000, 0x0000000090c00000|  0%| F|  |TAMS 0x0000000090b00000, 0x0000000090b00000| Untracked 
| 268|0x0000000090c00000, 0x0000000090c00000, 0x0000000090d00000|  0%| F|  |TAMS 0x0000000090c00000, 0x0000000090c00000| Untracked 
| 269|0x0000000090d00000, 0x0000000090d00000, 0x0000000090e00000|  0%| F|  |TAMS 0x0000000090d00000, 0x0000000090d00000| Untracked 
| 270|0x0000000090e00000, 0x0000000090e00000, 0x0000000090f00000|  0%| F|  |TAMS 0x0000000090e00000, 0x0000000090e00000| Untracked 
| 271|0x0000000090f00000, 0x0000000090f00000, 0x0000000091000000|  0%| F|  |TAMS 0x0000000090f00000, 0x0000000090f00000| Untracked 
| 272|0x0000000091000000, 0x0000000091000000, 0x0000000091100000|  0%| F|  |TAMS 0x0000000091000000, 0x0000000091000000| Untracked 
| 273|0x0000000091100000, 0x0000000091100000, 0x0000000091200000|  0%| F|  |TAMS 0x0000000091100000, 0x0000000091100000| Untracked 
| 274|0x0000000091200000, 0x0000000091200000, 0x0000000091300000|  0%| F|  |TAMS 0x0000000091200000, 0x0000000091200000| Untracked 
| 275|0x0000000091300000, 0x0000000091300000, 0x0000000091400000|  0%| F|  |TAMS 0x0000000091300000, 0x0000000091300000| Untracked 
| 276|0x0000000091400000, 0x0000000091400000, 0x0000000091500000|  0%| F|  |TAMS 0x0000000091400000, 0x0000000091400000| Untracked 
| 277|0x0000000091500000, 0x0000000091500000, 0x0000000091600000|  0%| F|  |TAMS 0x0000000091500000, 0x0000000091500000| Untracked 
| 278|0x0000000091600000, 0x0000000091600000, 0x0000000091700000|  0%| F|  |TAMS 0x0000000091600000, 0x0000000091600000| Untracked 
| 279|0x0000000091700000, 0x0000000091700000, 0x0000000091800000|  0%| F|  |TAMS 0x0000000091700000, 0x0000000091700000| Untracked 
| 280|0x0000000091800000, 0x0000000091800000, 0x0000000091900000|  0%| F|  |TAMS 0x0000000091800000, 0x0000000091800000| Untracked 
| 281|0x0000000091900000, 0x0000000091900000, 0x0000000091a00000|  0%| F|  |TAMS 0x0000000091900000, 0x0000000091900000| Untracked 
| 282|0x0000000091a00000, 0x0000000091a00000, 0x0000000091b00000|  0%| F|  |TAMS 0x0000000091a00000, 0x0000000091a00000| Untracked 
| 283|0x0000000091b00000, 0x0000000091b00000, 0x0000000091c00000|  0%| F|  |TAMS 0x0000000091b00000, 0x0000000091b00000| Untracked 
| 284|0x0000000091c00000, 0x0000000091c00000, 0x0000000091d00000|  0%| F|  |TAMS 0x0000000091c00000, 0x0000000091c00000| Untracked 
| 285|0x0000000091d00000, 0x0000000091d00000, 0x0000000091e00000|  0%| F|  |TAMS 0x0000000091d00000, 0x0000000091d00000| Untracked 
| 286|0x0000000091e00000, 0x0000000091e00000, 0x0000000091f00000|  0%| F|  |TAMS 0x0000000091e00000, 0x0000000091e00000| Untracked 
| 287|0x0000000091f00000, 0x0000000091f00000, 0x0000000092000000|  0%| F|  |TAMS 0x0000000091f00000, 0x0000000091f00000| Untracked 
| 288|0x0000000092000000, 0x0000000092000000, 0x0000000092100000|  0%| F|  |TAMS 0x0000000092000000, 0x0000000092000000| Untracked 
| 289|0x0000000092100000, 0x0000000092100000, 0x0000000092200000|  0%| F|  |TAMS 0x0000000092100000, 0x0000000092100000| Untracked 
| 290|0x0000000092200000, 0x0000000092200000, 0x0000000092300000|  0%| F|  |TAMS 0x0000000092200000, 0x0000000092200000| Untracked 
| 291|0x0000000092300000, 0x0000000092300000, 0x0000000092400000|  0%| F|  |TAMS 0x0000000092300000, 0x0000000092300000| Untracked 
| 292|0x0000000092400000, 0x0000000092400000, 0x0000000092500000|  0%| F|  |TAMS 0x0000000092400000, 0x0000000092400000| Untracked 
| 293|0x0000000092500000, 0x0000000092500000, 0x0000000092600000|  0%| F|  |TAMS 0x0000000092500000, 0x0000000092500000| Untracked 
| 294|0x0000000092600000, 0x0000000092600000, 0x0000000092700000|  0%| F|  |TAMS 0x0000000092600000, 0x0000000092600000| Untracked 
| 295|0x0000000092700000, 0x0000000092700000, 0x0000000092800000|  0%| F|  |TAMS 0x0000000092700000, 0x0000000092700000| Untracked 
| 296|0x0000000092800000, 0x0000000092800000, 0x0000000092900000|  0%| F|  |TAMS 0x0000000092800000, 0x0000000092800000| Untracked 
| 297|0x0000000092900000, 0x0000000092900000, 0x0000000092a00000|  0%| F|  |TAMS 0x0000000092900000, 0x0000000092900000| Untracked 
| 298|0x0000000092a00000, 0x0000000092a00000, 0x0000000092b00000|  0%| F|  |TAMS 0x0000000092a00000, 0x0000000092a00000| Untracked 
| 299|0x0000000092b00000, 0x0000000092b00000, 0x0000000092c00000|  0%| F|  |TAMS 0x0000000092b00000, 0x0000000092b00000| Untracked 
| 300|0x0000000092c00000, 0x0000000092c00000, 0x0000000092d00000|  0%| F|  |TAMS 0x0000000092c00000, 0x0000000092c00000| Untracked 
| 301|0x0000000092d00000, 0x0000000092d00000, 0x0000000092e00000|  0%| F|  |TAMS 0x0000000092d00000, 0x0000000092d00000| Untracked 
| 302|0x0000000092e00000, 0x0000000092e00000, 0x0000000092f00000|  0%| F|  |TAMS 0x0000000092e00000, 0x0000000092e00000| Untracked 
| 303|0x0000000092f00000, 0x0000000092f00000, 0x0000000093000000|  0%| F|  |TAMS 0x0000000092f00000, 0x0000000092f00000| Untracked 
| 304|0x0000000093000000, 0x0000000093000000, 0x0000000093100000|  0%| F|  |TAMS 0x0000000093000000, 0x0000000093000000| Untracked 
| 305|0x0000000093100000, 0x0000000093100000, 0x0000000093200000|  0%| F|  |TAMS 0x0000000093100000, 0x0000000093100000| Untracked 
| 306|0x0000000093200000, 0x0000000093200000, 0x0000000093300000|  0%| F|  |TAMS 0x0000000093200000, 0x0000000093200000| Untracked 
| 307|0x0000000093300000, 0x0000000093300000, 0x0000000093400000|  0%| F|  |TAMS 0x0000000093300000, 0x0000000093300000| Untracked 
| 308|0x0000000093400000, 0x0000000093400000, 0x0000000093500000|  0%| F|  |TAMS 0x0000000093400000, 0x0000000093400000| Untracked 
| 309|0x0000000093500000, 0x0000000093500000, 0x0000000093600000|  0%| F|  |TAMS 0x0000000093500000, 0x0000000093500000| Untracked 
| 310|0x0000000093600000, 0x0000000093600000, 0x0000000093700000|  0%| F|  |TAMS 0x0000000093600000, 0x0000000093600000| Untracked 
| 311|0x0000000093700000, 0x0000000093700000, 0x0000000093800000|  0%| F|  |TAMS 0x0000000093700000, 0x0000000093700000| Untracked 
| 312|0x0000000093800000, 0x0000000093800000, 0x0000000093900000|  0%| F|  |TAMS 0x0000000093800000, 0x0000000093800000| Untracked 
| 313|0x0000000093900000, 0x0000000093900000, 0x0000000093a00000|  0%| F|  |TAMS 0x0000000093900000, 0x0000000093900000| Untracked 
| 314|0x0000000093a00000, 0x0000000093a00000, 0x0000000093b00000|  0%| F|  |TAMS 0x0000000093a00000, 0x0000000093a00000| Untracked 
| 315|0x0000000093b00000, 0x0000000093b00000, 0x0000000093c00000|  0%| F|  |TAMS 0x0000000093b00000, 0x0000000093b00000| Untracked 
| 316|0x0000000093c00000, 0x0000000093c00000, 0x0000000093d00000|  0%| F|  |TAMS 0x0000000093c00000, 0x0000000093c00000| Untracked 
| 317|0x0000000093d00000, 0x0000000093d00000, 0x0000000093e00000|  0%| F|  |TAMS 0x0000000093d00000, 0x0000000093d00000| Untracked 
| 318|0x0000000093e00000, 0x0000000093e00000, 0x0000000093f00000|  0%| F|  |TAMS 0x0000000093e00000, 0x0000000093e00000| Untracked 
| 319|0x0000000093f00000, 0x0000000093f00000, 0x0000000094000000|  0%| F|  |TAMS 0x0000000093f00000, 0x0000000093f00000| Untracked 
| 320|0x0000000094000000, 0x0000000094000000, 0x0000000094100000|  0%| F|  |TAMS 0x0000000094000000, 0x0000000094000000| Untracked 
| 321|0x0000000094100000, 0x0000000094100000, 0x0000000094200000|  0%| F|  |TAMS 0x0000000094100000, 0x0000000094100000| Untracked 
| 322|0x0000000094200000, 0x0000000094200000, 0x0000000094300000|  0%| F|  |TAMS 0x0000000094200000, 0x0000000094200000| Untracked 
| 323|0x0000000094300000, 0x0000000094300000, 0x0000000094400000|  0%| F|  |TAMS 0x0000000094300000, 0x0000000094300000| Untracked 
| 324|0x0000000094400000, 0x0000000094400000, 0x0000000094500000|  0%| F|  |TAMS 0x0000000094400000, 0x0000000094400000| Untracked 
| 325|0x0000000094500000, 0x0000000094500000, 0x0000000094600000|  0%| F|  |TAMS 0x0000000094500000, 0x0000000094500000| Untracked 
| 326|0x0000000094600000, 0x0000000094600000, 0x0000000094700000|  0%| F|  |TAMS 0x0000000094600000, 0x0000000094600000| Untracked 
| 327|0x0000000094700000, 0x0000000094700000, 0x0000000094800000|  0%| F|  |TAMS 0x0000000094700000, 0x0000000094700000| Untracked 
| 328|0x0000000094800000, 0x0000000094800000, 0x0000000094900000|  0%| F|  |TAMS 0x0000000094800000, 0x0000000094800000| Untracked 
| 329|0x0000000094900000, 0x0000000094900000, 0x0000000094a00000|  0%| F|  |TAMS 0x0000000094900000, 0x0000000094900000| Untracked 
| 330|0x0000000094a00000, 0x0000000094a00000, 0x0000000094b00000|  0%| F|  |TAMS 0x0000000094a00000, 0x0000000094a00000| Untracked 
| 331|0x0000000094b00000, 0x0000000094b00000, 0x0000000094c00000|  0%| F|  |TAMS 0x0000000094b00000, 0x0000000094b00000| Untracked 
| 332|0x0000000094c00000, 0x0000000094c00000, 0x0000000094d00000|  0%| F|  |TAMS 0x0000000094c00000, 0x0000000094c00000| Untracked 
| 333|0x0000000094d00000, 0x0000000094d00000, 0x0000000094e00000|  0%| F|  |TAMS 0x0000000094d00000, 0x0000000094d00000| Untracked 
| 334|0x0000000094e00000, 0x0000000094e00000, 0x0000000094f00000|  0%| F|  |TAMS 0x0000000094e00000, 0x0000000094e00000| Untracked 
| 335|0x0000000094f00000, 0x0000000094fa2708, 0x0000000095000000| 63%| S|CS|TAMS 0x0000000094f00000, 0x0000000094f00000| Complete 
| 336|0x0000000095000000, 0x0000000095100000, 0x0000000095100000|100%| S|CS|TAMS 0x0000000095000000, 0x0000000095000000| Complete 
| 337|0x0000000095100000, 0x0000000095100000, 0x0000000095200000|  0%| F|  |TAMS 0x0000000095100000, 0x0000000095100000| Untracked 
| 338|0x0000000095200000, 0x0000000095200000, 0x0000000095300000|  0%| F|  |TAMS 0x0000000095200000, 0x0000000095200000| Untracked 
| 339|0x0000000095300000, 0x0000000095300000, 0x0000000095400000|  0%| F|  |TAMS 0x0000000095300000, 0x0000000095300000| Untracked 
| 340|0x0000000095400000, 0x0000000095400000, 0x0000000095500000|  0%| F|  |TAMS 0x0000000095400000, 0x0000000095400000| Untracked 
| 341|0x0000000095500000, 0x0000000095500000, 0x0000000095600000|  0%| F|  |TAMS 0x0000000095500000, 0x0000000095500000| Untracked 
| 342|0x0000000095600000, 0x0000000095600000, 0x0000000095700000|  0%| F|  |TAMS 0x0000000095600000, 0x0000000095600000| Untracked 
| 343|0x0000000095700000, 0x0000000095700000, 0x0000000095800000|  0%| F|  |TAMS 0x0000000095700000, 0x0000000095700000| Untracked 
| 344|0x0000000095800000, 0x0000000095800000, 0x0000000095900000|  0%| F|  |TAMS 0x0000000095800000, 0x0000000095800000| Untracked 

Card table byte_map: [0x000001b158850000,0x000001b158c50000] _byte_map_base: 0x000001b158450000

Marking Bits (Prev, Next): (CMBitMap*) 0x000001b14509b240, (CMBitMap*) 0x000001b14509b208
 Prev Bits: [0x000001b15b050000, 0x000001b15d050000)
 Next Bits: [0x000001b159050000, 0x000001b15b050000)

Polling page: 0x000001b1437f0000

Metaspace:

Usage:
  Non-class:    114.42 MB capacity,   112.59 MB ( 98%) used,     1.49 MB (  1%) free+waste,   338.19 KB ( <1%) overhead. 
      Class:     16.84 MB capacity,    15.78 MB ( 94%) used,   941.57 KB (  5%) free+waste,   150.69 KB ( <1%) overhead. 
       Both:    131.26 MB capacity,   128.37 MB ( 98%) used,     2.41 MB (  2%) free+waste,   488.88 KB ( <1%) overhead. 

Virtual space:
  Non-class space:      116.00 MB reserved,     114.50 MB ( 99%) committed 
      Class space:        1.00 GB reserved,      16.88 MB (  2%) committed 
             Both:        1.11 GB reserved,     131.38 MB ( 12%) committed 

Chunk freelists:
   Non-Class:  23.00 KB
       Class:  0 bytes
        Both:  23.00 KB

MaxMetaspaceSize: 17179869184.00 GB
CompressedClassSpaceSize: 1.00 GB

CodeHeap 'non-profiled nmethods': size=120000Kb used=11888Kb max_used=11888Kb free=108111Kb
 bounds [0x000001b1504b0000, 0x000001b151050000, 0x000001b1579e0000]
CodeHeap 'profiled nmethods': size=120000Kb used=37135Kb max_used=37135Kb free=82864Kb
 bounds [0x000001b148f80000, 0x000001b14b3e0000, 0x000001b1504b0000]
CodeHeap 'non-nmethods': size=5760Kb used=2377Kb max_used=2429Kb free=3382Kb
 bounds [0x000001b1489e0000, 0x000001b148c50000, 0x000001b148f80000]
 total_blobs=17742 nmethods=16735 adapters=917
 compilation: enabled
              stopped_count=0, restarted_count=0
 full_count=0

Compilation events (20 events):
Event: 9761.039 Thread 0x000001b15fb3d000 nmethod 18798 0x000001b15104b110 code [0x000001b15104b2c0, 0x000001b15104b378]
Event: 9761.039 Thread 0x000001b15fb3d000 18803       1       com.android.tools.r8.v.b.w1::q (5 bytes)
Event: 9761.039 Thread 0x000001b15fb3d000 nmethod 18803 0x000001b15104b410 code [0x000001b15104b5c0, 0x000001b15104b678]
Event: 9761.039 Thread 0x000001b15fb3d000 18801       1       com.android.tools.r8.v.b.w1::a (2 bytes)
Event: 9761.040 Thread 0x000001b15fb3d000 nmethod 18801 0x000001b15104b710 code [0x000001b15104b8c0, 0x000001b15104b978]
Event: 9761.040 Thread 0x000001b15fb3d000 18809       1       com.android.tools.r8.v.b.o0::W0 (2 bytes)
Event: 9761.040 Thread 0x000001b15fb3d000 nmethod 18809 0x000001b15104ba10 code [0x000001b15104bbc0, 0x000001b15104bc78]
Event: 9761.040 Thread 0x000001b15fb3d000 18799       1       com.android.tools.r8.v.b.w1::hashCode (5 bytes)
Event: 9761.040 Thread 0x000001b15fb3d000 nmethod 18799 0x000001b15104bd10 code [0x000001b15104bec0, 0x000001b15104bf78]
Event: 9761.040 Thread 0x000001b15fb3d000 18810       1       com.android.tools.r8.v.b.o0::H1 (2 bytes)
Event: 9761.040 Thread 0x000001b15fb3d000 nmethod 18810 0x000001b15104c010 code [0x000001b15104c1c0, 0x000001b15104c278]
Event: 9761.040 Thread 0x000001b15fb3d000 18797       1       com.android.tools.r8.v.b.o0::S (2 bytes)
Event: 9761.040 Thread 0x000001b15fb3d000 nmethod 18797 0x000001b15104c310 code [0x000001b15104c4c0, 0x000001b15104c578]
Event: 9761.040 Thread 0x000001b15fb3d000 18796       1       com.android.tools.r8.v.b.o0::y1 (2 bytes)
Event: 9761.040 Thread 0x000001b15fb3d000 nmethod 18796 0x000001b15104c610 code [0x000001b15104c7c0, 0x000001b15104c878]
Event: 9761.040 Thread 0x000001b15fb3d000 18812       1       com.android.tools.r8.ir.regalloc.b::i (5 bytes)
Event: 9761.040 Thread 0x000001b15fb3d000 nmethod 18812 0x000001b15104c910 code [0x000001b15104cac0, 0x000001b15104cb78]
Event: 9761.040 Thread 0x000001b15fb3d000 18811       1       com.android.tools.r8.v.a.t.o::B (2 bytes)
Event: 9761.041 Thread 0x000001b15fb3d000 nmethod 18811 0x000001b15104cc10 code [0x000001b15104cdc0, 0x000001b15104ce78]
Event: 9761.046 Thread 0x000001b1604a7000 18813   !   4       sun.nio.cs.US_ASCII$Decoder::decodeArrayLoop (297 bytes)

GC Heap History (20 events):
Event: 9724.312 GC heap after
{Heap after GC invocations=102 (full 0):
 garbage-first heap   total 257024K, used 124422K [0x0000000080000000, 0x0000000100000000)
  region size 1024K, 5 young (5120K), 5 survivors (5120K)
 Metaspace       used 118628K, capacity 121194K, committed 121344K, reserved 1155072K
  class space    used 14672K, capacity 15574K, committed 15616K, reserved 1048576K
}
Event: 9726.009 GC heap before
{Heap before GC invocations=103 (full 0):
 garbage-first heap   total 257024K, used 179718K [0x0000000080000000, 0x0000000100000000)
  region size 1024K, 45 young (46080K), 5 survivors (5120K)
 Metaspace       used 120361K, capacity 122966K, committed 123008K, reserved 1157120K
  class space    used 14793K, capacity 15721K, committed 15744K, reserved 1048576K
}
Event: 9726.147 GC heap after
{Heap after GC invocations=104 (full 0):
 garbage-first heap   total 257024K, used 130139K [0x0000000080000000, 0x0000000100000000)
  region size 1024K, 6 young (6144K), 6 survivors (6144K)
 Metaspace       used 120361K, capacity 122966K, committed 123008K, reserved 1157120K
  class space    used 14793K, capacity 15721K, committed 15744K, reserved 1048576K
}
Event: 9726.597 GC heap before
{Heap before GC invocations=104 (full 0):
 garbage-first heap   total 257024K, used 180315K [0x0000000080000000, 0x0000000100000000)
  region size 1024K, 55 young (56320K), 6 survivors (6144K)
 Metaspace       used 122594K, capacity 125206K, committed 125312K, reserved 1159168K
  class space    used 14975K, capacity 15913K, committed 16000K, reserved 1048576K
}
Event: 9726.629 GC heap after
{Heap after GC invocations=105 (full 0):
 garbage-first heap   total 257024K, used 129721K [0x0000000080000000, 0x0000000100000000)
  region size 1024K, 2 young (2048K), 2 survivors (2048K)
 Metaspace       used 122594K, capacity 125206K, committed 125312K, reserved 1159168K
  class space    used 14975K, capacity 15913K, committed 16000K, reserved 1048576K
}
Event: 9734.513 GC heap before
{Heap before GC invocations=106 (full 0):
 garbage-first heap   total 257024K, used 174344K [0x0000000080000000, 0x0000000100000000)
  region size 1024K, 54 young (55296K), 2 survivors (2048K)
 Metaspace       used 124462K, capacity 127035K, committed 127232K, reserved 1161216K
  class space    used 15170K, capacity 16125K, committed 16128K, reserved 1048576K
}
Event: 9734.534 GC heap after
{Heap after GC invocations=107 (full 0):
 garbage-first heap   total 353280K, used 122422K [0x0000000080000000, 0x0000000100000000)
  region size 1024K, 2 young (2048K), 2 survivors (2048K)
 Metaspace       used 124462K, capacity 127035K, committed 127232K, reserved 1161216K
  class space    used 15170K, capacity 16125K, committed 16128K, reserved 1048576K
}
Event: 9739.601 GC heap before
{Heap before GC invocations=107 (full 0):
 garbage-first heap   total 353280K, used 136758K [0x0000000080000000, 0x0000000100000000)
  region size 1024K, 17 young (17408K), 2 survivors (2048K)
 Metaspace       used 124860K, capacity 127444K, committed 127616K, reserved 1161216K
  class space    used 15205K, capacity 16132K, committed 16256K, reserved 1048576K
}
Event: 9739.606 GC heap after
{Heap after GC invocations=108 (full 0):
 garbage-first heap   total 353280K, used 113346K [0x0000000080000000, 0x0000000100000000)
  region size 1024K, 3 young (3072K), 3 survivors (3072K)
 Metaspace       used 124860K, capacity 127444K, committed 127616K, reserved 1161216K
  class space    used 15205K, capacity 16132K, committed 16256K, reserved 1048576K
}
Event: 9747.831 GC heap before
{Heap before GC invocations=108 (full 0):
 garbage-first heap   total 353280K, used 208578K [0x0000000080000000, 0x0000000100000000)
  region size 1024K, 97 young (99328K), 3 survivors (3072K)
 Metaspace       used 125530K, capacity 128102K, committed 128384K, reserved 1161216K
  class space    used 15263K, capacity 16189K, committed 16256K, reserved 1048576K
}
Event: 9747.961 GC heap after
{Heap after GC invocations=109 (full 0):
 garbage-first heap   total 353280K, used 115550K [0x0000000080000000, 0x0000000100000000)
  region size 1024K, 5 young (5120K), 5 survivors (5120K)
 Metaspace       used 125530K, capacity 128102K, committed 128384K, reserved 1161216K
  class space    used 15263K, capacity 16189K, committed 16256K, reserved 1048576K
}
Event: 9757.143 GC heap before
{Heap before GC invocations=110 (full 0):
 garbage-first heap   total 353280K, used 235358K [0x0000000080000000, 0x0000000100000000)
  region size 1024K, 121 young (123904K), 5 survivors (5120K)
 Metaspace       used 128512K, capacity 131352K, committed 131456K, reserved 1163264K
  class space    used 15683K, capacity 16726K, committed 16768K, reserved 1048576K
}
Event: 9757.571 GC heap after
{Heap after GC invocations=111 (full 0):
 garbage-first heap   total 353280K, used 142630K [0x0000000080000000, 0x0000000100000000)
  region size 1024K, 16 young (16384K), 16 survivors (16384K)
 Metaspace       used 128512K, capacity 131352K, committed 131456K, reserved 1163264K
  class space    used 15683K, capacity 16726K, committed 16768K, reserved 1048576K
}
Event: 9757.643 GC heap before
{Heap before GC invocations=111 (full 0):
 garbage-first heap   total 353280K, used 143654K [0x0000000080000000, 0x0000000100000000)
  region size 1024K, 17 young (17408K), 16 survivors (16384K)
 Metaspace       used 128529K, capacity 131352K, committed 131456K, reserved 1163264K
  class space    used 15685K, capacity 16726K, committed 16768K, reserved 1048576K
}
Event: 9757.796 GC heap after
{Heap after GC invocations=112 (full 0):
 garbage-first heap   total 353280K, used 143081K [0x0000000080000000, 0x0000000100000000)
  region size 1024K, 2 young (2048K), 2 survivors (2048K)
 Metaspace       used 128529K, capacity 131352K, committed 131456K, reserved 1163264K
  class space    used 15685K, capacity 16726K, committed 16768K, reserved 1048576K
}
Event: 9758.402 GC heap before
{Heap before GC invocations=112 (full 0):
 garbage-first heap   total 353280K, used 208617K [0x0000000080000000, 0x0000000100000000)
  region size 1024K, 67 young (68608K), 2 survivors (2048K)
 Metaspace       used 129097K, capacity 131928K, committed 132096K, reserved 1165312K
  class space    used 15751K, capacity 16790K, committed 16896K, reserved 1048576K
}
Event: 9758.454 GC heap after
{Heap after GC invocations=113 (full 0):
 garbage-first heap   total 353280K, used 158319K [0x0000000080000000, 0x0000000100000000)
  region size 1024K, 9 young (9216K), 9 survivors (9216K)
 Metaspace       used 129097K, capacity 131928K, committed 132096K, reserved 1165312K
  class space    used 15751K, capacity 16790K, committed 16896K, reserved 1048576K
}
Event: 9759.821 GC heap before
{Heap before GC invocations=114 (full 0):
 garbage-first heap   total 353280K, used 215663K [0x0000000080000000, 0x0000000100000000)
  region size 1024K, 66 young (67584K), 9 survivors (9216K)
 Metaspace       used 130184K, capacity 132996K, committed 133376K, reserved 1165312K
  class space    used 15915K, capacity 16956K, committed 17152K, reserved 1048576K
}
Event: 9760.041 GC heap after
{Heap after GC invocations=115 (full 0):
 garbage-first heap   total 353280K, used 168139K [0x0000000080000000, 0x0000000100000000)
  region size 1024K, 9 young (9216K), 9 survivors (9216K)
 Metaspace       used 130184K, capacity 132996K, committed 133376K, reserved 1165312K
  class space    used 15915K, capacity 16956K, committed 17152K, reserved 1048576K
}
Event: 9761.052 GC heap before
{Heap before GC invocations=115 (full 0):
 garbage-first heap   total 353280K, used 175307K [0x0000000080000000, 0x0000000100000000)
  region size 1024K, 17 young (17408K), 9 survivors (9216K)
 Metaspace       used 131451K, capacity 134408K, committed 134528K, reserved 1167360K
  class space    used 16154K, capacity 17247K, committed 17280K, reserved 1048576K
}

Deoptimization events (20 events):
Event: 9759.002 Thread 0x000001b1681dc800 DEOPT PACKING pc=0x000001b14b3a96dc sp=0x00000013bc9fae30
Event: 9759.002 Thread 0x000001b1681dc800 DEOPT UNPACKING pc=0x000001b148a072ce sp=0x00000013bc9fa0c0 mode 0
Event: 9759.665 Thread 0x000001b1681da000 Uncommon trap: trap_request=0xffffff4d fr.pc=0x000001b151026fac relative=0x0000000000000ecc
Event: 9759.665 Thread 0x000001b1681da000 Uncommon trap: reason=unstable_if action=reinterpret pc=0x000001b151026fac method=com.android.tools.r8.w.a.a.a.f.K.a(ILjava/lang/Object;)Ljava/lang/Object; @ 142 c2
Event: 9759.665 Thread 0x000001b1681da000 DEOPT PACKING pc=0x000001b151026fac sp=0x00000013bc8f9ba0
Event: 9759.665 Thread 0x000001b1681da000 DEOPT UNPACKING pc=0x000001b148a074af sp=0x00000013bc8f9b68 mode 2
Event: 9760.740 Thread 0x000001b1681dd000 Uncommon trap: trap_request=0xffffffde fr.pc=0x000001b15102a9a4 relative=0x0000000000000244
Event: 9760.740 Thread 0x000001b1681dd000 Uncommon trap: reason=class_check action=maybe_recompile pc=0x000001b15102a9a4 method=java.util.Map.computeIfAbsent(Ljava/lang/Object;Ljava/util/function/Function;)Ljava/lang/Object; @ 7 c2
Event: 9760.740 Thread 0x000001b163077000 Uncommon trap: trap_request=0xffffffde fr.pc=0x000001b15102a9a4 relative=0x0000000000000244
Event: 9760.740 Thread 0x000001b1681da000 Uncommon trap: trap_request=0xffffffde fr.pc=0x000001b15102a9a4 relative=0x0000000000000244
Event: 9760.740 Thread 0x000001b163077000 Uncommon trap: reason=class_check action=maybe_recompile pc=0x000001b15102a9a4 method=java.util.Map.computeIfAbsent(Ljava/lang/Object;Ljava/util/function/Function;)Ljava/lang/Object; @ 7 c2
Event: 9760.740 Thread 0x000001b1681dd000 DEOPT PACKING pc=0x000001b15102a9a4 sp=0x00000013bcafa1e0
Event: 9760.740 Thread 0x000001b1681da000 Uncommon trap: reason=class_check action=maybe_recompile pc=0x000001b15102a9a4 method=java.util.Map.computeIfAbsent(Ljava/lang/Object;Ljava/util/function/Function;)Ljava/lang/Object; @ 7 c2
Event: 9760.740 Thread 0x000001b163077000 DEOPT PACKING pc=0x000001b15102a9a4 sp=0x00000013bcbfa160
Event: 9760.740 Thread 0x000001b1681da000 DEOPT PACKING pc=0x000001b15102a9a4 sp=0x00000013bc8f9fa0
Event: 9760.741 Thread 0x000001b163077000 DEOPT UNPACKING pc=0x000001b148a074af sp=0x00000013bcbfa118 mode 2
Event: 9760.741 Thread 0x000001b1681da000 DEOPT UNPACKING pc=0x000001b148a074af sp=0x00000013bc8f9f58 mode 2
Event: 9760.741 Thread 0x000001b1681dd000 DEOPT UNPACKING pc=0x000001b148a074af sp=0x00000013bcafa198 mode 2
Event: 9761.046 Thread 0x000001b167bef000 DEOPT PACKING pc=0x000001b14b22b6be sp=0x00000013c5bfd170
Event: 9761.046 Thread 0x000001b167bef000 DEOPT UNPACKING pc=0x000001b148a072ce sp=0x00000013c5bfc708 mode 0

Classes redefined (0 events):
No events

Internal exceptions (20 events):
Event: 9756.938 Thread 0x000001b1681db800 Exception <a 'java/lang/IncompatibleClassChangeError'{0x000000008fc87f50}: Found class java.lang.Object, but interface was expected> (0x000000008fc87f50) thrown at [./src/hotspot/share/interpreter/linkResolver.cpp, line 839]
Event: 9758.945 Thread 0x000001b163078000 Exception <a 'java/lang/NoSuchMethodError'{0x0000000092a1e698}: 'long java.lang.invoke.DirectMethodHandle$Holder.invokeStatic(java.lang.Object, java.lang.Object)'> (0x0000000092a1e698) thrown at [./src/hotspot/share/interpreter/linkResolver.cpp, line 773]
Event: 9758.945 Thread 0x000001b1681da800 Exception <a 'java/lang/NoSuchMethodError'{0x0000000092babab0}: 'long java.lang.invoke.DirectMethodHandle$Holder.invokeStatic(java.lang.Object, java.lang.Object)'> (0x0000000092babab0) thrown at [./src/hotspot/share/interpreter/linkResolver.cpp, line 773]
Event: 9758.949 Thread 0x000001b1681da000 Exception <a 'java/lang/NoSuchMethodError'{0x0000000092be5548}: 'long java.lang.invoke.DirectMethodHandle$Holder.invokeStatic(java.lang.Object, java.lang.Object)'> (0x0000000092be5548) thrown at [./src/hotspot/share/interpreter/linkResolver.cpp, line 773]
Event: 9759.000 Thread 0x000001b1681dd000 Exception <a 'java/lang/NoSuchMethodError'{0x0000000092a05488}: 'long java.lang.invoke.DirectMethodHandle$Holder.invokeStatic(java.lang.Object, java.lang.Object)'> (0x0000000092a05488) thrown at [./src/hotspot/share/interpreter/linkResolver.cpp, line 773]
Event: 9759.056 Thread 0x000001b163078000 Exception <a 'java/lang/NoSuchMethodError'{0x0000000092aed360}: 'void java.lang.invoke.DirectMethodHandle$Holder.invokeSpecial(java.lang.Object, java.lang.Object, int, java.lang.Object)'> (0x0000000092aed360) thrown at [./src/hotspot/share/interpreter/linkResolver.cpp, line 773]
Event: 9759.056 Thread 0x000001b1681da000 Exception <a 'java/lang/NoSuchMethodError'{0x0000000092bfd7c0}: 'void java.lang.invoke.DirectMethodHandle$Holder.invokeSpecial(java.lang.Object, java.lang.Object, int, java.lang.Object)'> (0x0000000092bfd7c0) thrown at [./src/hotspot/share/interpreter/linkResolver.cpp, line 773]
Event: 9759.056 Thread 0x000001b1681db800 Exception <a 'java/lang/NoSuchMethodError'{0x000000009274c728}: 'void java.lang.invoke.DirectMethodHandle$Holder.invokeSpecial(java.lang.Object, java.lang.Object, int, java.lang.Object)'> (0x000000009274c728) thrown at [./src/hotspot/share/interpreter/linkResolver.cpp, line 773]
Event: 9759.057 Thread 0x000001b1681dd000 Exception <a 'java/lang/NoSuchMethodError'{0x0000000092a0d2f8}: 'void java.lang.invoke.DirectMethodHandle$Holder.invokeSpecial(java.lang.Object, java.lang.Object, int, java.lang.Object)'> (0x0000000092a0d2f8) thrown at [./src/hotspot/share/interpreter/linkResolver.cpp, line 773]
Event: 9759.057 Thread 0x000001b1681da800 Exception <a 'java/lang/NoSuchMethodError'{0x0000000092a35830}: 'void java.lang.invoke.DirectMethodHandle$Holder.invokeSpecial(java.lang.Object, java.lang.Object, int, java.lang.Object)'> (0x0000000092a35830) thrown at [./src/hotspot/share/interpreter/linkResolver.cpp, line 773]
Event: 9759.667 Thread 0x000001b1681dd000 Exception <a 'java/lang/NoSuchMethodError'{0x0000000092071c18}: 'java.lang.Object java.lang.invoke.DirectMethodHandle$Holder.invokeVirtual(java.lang.Object, java.lang.Object, int, java.lang.Object)'> (0x0000000092071c18) thrown at [./src/hotspot/share/interpreter/linkResolver.cpp, line 773]
Event: 9759.667 Thread 0x000001b1681da800 Exception <a 'java/lang/NoSuchMethodError'{0x0000000092440e38}: 'java.lang.Object java.lang.invoke.DirectMethodHandle$Holder.invokeVirtual(java.lang.Object, java.lang.Object, int, java.lang.Object)'> (0x0000000092440e38) thrown at [./src/hotspot/share/interpreter/linkResolver.cpp, line 773]
Event: 9759.667 Thread 0x000001b163077000 Exception <a 'java/lang/NoSuchMethodError'{0x00000000924786e0}: 'java.lang.Object java.lang.invoke.DirectMethodHandle$Holder.invokeVirtual(java.lang.Object, java.lang.Object, int, java.lang.Object)'> (0x00000000924786e0) thrown at [./src/hotspot/share/interpreter/linkResolver.cpp, line 773]
Event: 9759.667 Thread 0x000001b1681dc800 Exception <a 'java/lang/NoSuchMethodError'{0x0000000092381fc0}: 'java.lang.Object java.lang.invoke.DirectMethodHandle$Holder.invokeVirtual(java.lang.Object, java.lang.Object, int, java.lang.Object)'> (0x0000000092381fc0) thrown at [./src/hotspot/share/interpreter/linkResolver.cpp, line 773]
Event: 9759.667 Thread 0x000001b1681da000 Exception <a 'java/lang/NoSuchMethodError'{0x00000000924caa50}: 'java.lang.Object java.lang.invoke.DirectMethodHandle$Holder.invokeVirtual(java.lang.Object, java.lang.Object, int, java.lang.Object)'> (0x00000000924caa50) thrown at [./src/hotspot/share/interpreter/linkResolver.cpp, line 773]
Event: 9759.667 Thread 0x000001b163078000 Exception <a 'java/lang/NoSuchMethodError'{0x000000009201e428}: 'java.lang.Object java.lang.invoke.DirectMethodHandle$Holder.invokeVirtual(java.lang.Object, java.lang.Object, int, java.lang.Object)'> (0x000000009201e428) thrown at [./src/hotspot/share/interpreter/linkResolver.cpp, line 773]
Event: 9759.667 Thread 0x000001b1681db800 Exception <a 'java/lang/NoSuchMethodError'{0x000000009206c258}: 'java.lang.Object java.lang.invoke.DirectMethodHandle$Holder.invokeVirtual(java.lang.Object, java.lang.Object, int, java.lang.Object)'> (0x000000009206c258) thrown at [./src/hotspot/share/interpreter/linkResolver.cpp, line 773]
Event: 9760.477 Thread 0x000001b1681da800 Exception <a 'java/lang/NoSuchMethodError'{0x00000000956b2e00}: 'void java.lang.invoke.DirectMethodHandle$Holder.invokeVirtual(java.lang.Object, java.lang.Object, int, java.lang.Object)'> (0x00000000956b2e00) thrown at [./src/hotspot/share/interpreter/linkResolver.cpp, line 773]
Event: 9760.477 Thread 0x000001b163078000 Exception <a 'java/lang/NoSuchMethodError'{0x000000009550dae8}: 'void java.lang.invoke.DirectMethodHandle$Holder.invokeVirtual(java.lang.Object, java.lang.Object, int, java.lang.Object)'> (0x000000009550dae8) thrown at [./src/hotspot/share/interpreter/linkResolver.cpp, line 773]
Event: 9760.477 Thread 0x000001b1681dd000 Exception <a 'java/lang/NoSuchMethodError'{0x000000009550f4d8}: 'void java.lang.invoke.DirectMethodHandle$Holder.invokeVirtual(java.lang.Object, java.lang.Object, int, java.lang.Object)'> (0x000000009550f4d8) thrown at [./src/hotspot/share/interpreter/linkResolver.cpp, line 773]

Events (20 events):
Event: 9761.041 loading class com/android/tools/r8/ir/conversion/B done
Event: 9761.043 loading class com/android/tools/r8/code/a1
Event: 9761.043 loading class com/android/tools/r8/code/a1 done
Event: 9761.044 loading class com/android/tools/r8/code/J2
Event: 9761.044 loading class com/android/tools/r8/code/J2 done
Event: 9761.046 loading class com/android/tools/r8/code/x0
Event: 9761.046 loading class com/android/tools/r8/code/x0 done
Event: 9761.047 loading class com/android/tools/r8/code/w0
Event: 9761.047 loading class com/android/tools/r8/code/w0 done
Event: 9761.047 loading class com/android/tools/r8/code/U0
Event: 9761.047 loading class com/android/tools/r8/code/U0 done
Event: 9761.048 loading class com/android/tools/r8/ir/conversion/D
Event: 9761.048 loading class com/android/tools/r8/ir/conversion/D done
Event: 9761.049 loading class com/android/tools/r8/ir/conversion/I
Event: 9761.049 loading class com/android/tools/r8/ir/conversion/I done
Event: 9761.050 loading class com/android/tools/r8/ir/conversion/F
Event: 9761.050 loading class com/android/tools/r8/ir/conversion/F done
Event: 9761.050 loading class com/android/tools/r8/ir/conversion/H
Event: 9761.051 loading class com/android/tools/r8/ir/conversion/H done
Event: 9761.051 Executing VM operation: G1CollectForAllocation


Dynamic libraries:
0x00007ff7fb830000 - 0x00007ff7fb83a000 	C:\Program Files\Android\Android Studio\jre\bin\java.exe
0x00007ffc6a030000 - 0x00007ffc6a225000 	C:\WINDOWS\SYSTEM32\ntdll.dll
0x00007ffc68e90000 - 0x00007ffc68f4d000 	C:\WINDOWS\System32\KERNEL32.DLL
0x00007ffc67770000 - 0x00007ffc67a39000 	C:\WINDOWS\System32\KERNELBASE.dll
0x00007ffc67b50000 - 0x00007ffc67c50000 	C:\WINDOWS\System32\ucrtbase.dll
0x00007ffc58770000 - 0x00007ffc58789000 	C:\Program Files\Android\Android Studio\jre\bin\jli.dll
0x00007ffc58750000 - 0x00007ffc58767000 	C:\Program Files\Android\Android Studio\jre\bin\VCRUNTIME140.dll
0x00007ffc686c0000 - 0x00007ffc68860000 	C:\WINDOWS\System32\USER32.dll
0x00007ffc67c50000 - 0x00007ffc67c72000 	C:\WINDOWS\System32\win32u.dll
0x00007ffc4e870000 - 0x00007ffc4eb0a000 	C:\WINDOWS\WinSxS\amd64_microsoft.windows.common-controls_6595b64144ccf1df_6.0.19041.1110_none_60b5254171f9507e\COMCTL32.dll
0x00007ffc695e0000 - 0x00007ffc6960a000 	C:\WINDOWS\System32\GDI32.dll
0x00007ffc68940000 - 0x00007ffc689de000 	C:\WINDOWS\System32\msvcrt.dll
0x00007ffc67a40000 - 0x00007ffc67b4b000 	C:\WINDOWS\System32\gdi32full.dll
0x00007ffc67f00000 - 0x00007ffc67f9d000 	C:\WINDOWS\System32\msvcp_win.dll
0x00007ffc68690000 - 0x00007ffc686c0000 	C:\WINDOWS\System32\IMM32.DLL
0x00007ffc586b0000 - 0x00007ffc5874d000 	C:\Program Files\Android\Android Studio\jre\bin\msvcp140.dll
0x00007ffc23c70000 - 0x00007ffc2472c000 	C:\Program Files\Android\Android Studio\jre\bin\server\jvm.dll
0x00007ffc685e0000 - 0x00007ffc6868c000 	C:\WINDOWS\System32\ADVAPI32.dll
0x00007ffc68f50000 - 0x00007ffc68feb000 	C:\WINDOWS\System32\sechost.dll
0x00007ffc68d60000 - 0x00007ffc68e8a000 	C:\WINDOWS\System32\RPCRT4.dll
0x00007ffc68b40000 - 0x00007ffc68b48000 	C:\WINDOWS\System32\PSAPI.DLL
0x00007ffc547b0000 - 0x00007ffc547d7000 	C:\WINDOWS\SYSTEM32\WINMM.dll
0x00007ffc61410000 - 0x00007ffc61419000 	C:\WINDOWS\SYSTEM32\WSOCK32.dll
0x00007ffc61e00000 - 0x00007ffc61e0a000 	C:\WINDOWS\SYSTEM32\VERSION.dll
0x00007ffc69510000 - 0x00007ffc6957b000 	C:\WINDOWS\System32\WS2_32.dll
0x00007ffc66030000 - 0x00007ffc66042000 	C:\WINDOWS\SYSTEM32\kernel.appcore.dll
0x00007ffc5a2c0000 - 0x00007ffc5a2d1000 	C:\Program Files\Android\Android Studio\jre\bin\verify.dll
0x00007ffc655a0000 - 0x00007ffc65784000 	C:\WINDOWS\SYSTEM32\DBGHELP.DLL
0x00007ffc54940000 - 0x00007ffc5496c000 	C:\WINDOWS\SYSTEM32\dbgcore.DLL
0x00007ffc67e10000 - 0x00007ffc67e93000 	C:\WINDOWS\System32\bcryptPrimitives.dll
0x00007ffc58910000 - 0x00007ffc58939000 	C:\Program Files\Android\Android Studio\jre\bin\java.dll
0x00007ffc60ae0000 - 0x00007ffc60aeb000 	C:\Program Files\Android\Android Studio\jre\bin\jimage.dll
0x00007ffc5a250000 - 0x00007ffc5a268000 	C:\Program Files\Android\Android Studio\jre\bin\zip.dll
0x00007ffc69780000 - 0x00007ffc69ebf000 	C:\WINDOWS\System32\SHELL32.dll
0x00007ffc65880000 - 0x00007ffc66011000 	C:\WINDOWS\SYSTEM32\windows.storage.dll
0x00007ffc691b0000 - 0x00007ffc69505000 	C:\WINDOWS\System32\combase.dll
0x00007ffc671e0000 - 0x00007ffc6720c000 	C:\WINDOWS\SYSTEM32\Wldp.dll
0x00007ffc69670000 - 0x00007ffc6971e000 	C:\WINDOWS\System32\SHCORE.dll
0x00007ffc69610000 - 0x00007ffc69665000 	C:\WINDOWS\System32\shlwapi.dll
0x00007ffc676b0000 - 0x00007ffc676cf000 	C:\WINDOWS\SYSTEM32\profapi.dll
0x00007ffc594d0000 - 0x00007ffc594ea000 	C:\Program Files\Android\Android Studio\jre\bin\net.dll
0x00007ffc59e70000 - 0x00007ffc59f7a000 	C:\WINDOWS\SYSTEM32\WINHTTP.dll
0x00007ffc66f40000 - 0x00007ffc66faa000 	C:\WINDOWS\system32\mswsock.dll
0x00007ffc566a0000 - 0x00007ffc566b4000 	C:\Program Files\Android\Android Studio\jre\bin\nio.dll
0x00007ffc587c0000 - 0x00007ffc587e6000 	C:\Users\shivam\.gradle\native\fdc75f09e3144964f2cf3f50f0aa648679c211496f362492102eb8c894070792\windows-amd64\native-platform.dll
0x00007ffc0b100000 - 0x00007ffc0b291000 	C:\Users\shivam\.gradle\native\12488b8bf47d2d4c9fbf2f6322a914ad602e24e48041cd04a747c6da556b65c4\windows-amd64\native-platform-file-events.dll
0x00007ffc607f0000 - 0x00007ffc607fa000 	C:\Program Files\Android\Android Studio\jre\bin\management.dll
0x00007ffc5fec0000 - 0x00007ffc5fecc000 	C:\Program Files\Android\Android Studio\jre\bin\management_ext.dll
0x00007ffc67120000 - 0x00007ffc67138000 	C:\WINDOWS\SYSTEM32\CRYPTSP.dll
0x00007ffc66870000 - 0x00007ffc668a4000 	C:\WINDOWS\system32\rsaenh.dll
0x00007ffc67de0000 - 0x00007ffc67e07000 	C:\WINDOWS\System32\bcrypt.dll
0x00007ffc67630000 - 0x00007ffc6765e000 	C:\WINDOWS\SYSTEM32\USERENV.dll
0x00007ffc67140000 - 0x00007ffc6714c000 	C:\WINDOWS\SYSTEM32\CRYPTBASE.dll
0x00007ffc66be0000 - 0x00007ffc66c1b000 	C:\WINDOWS\SYSTEM32\IPHLPAPI.DLL
0x00007ffc68ff0000 - 0x00007ffc68ff8000 	C:\WINDOWS\System32\NSI.dll
0x00007ffc62f40000 - 0x00007ffc62f57000 	C:\WINDOWS\SYSTEM32\dhcpcsvc6.DLL
0x00007ffc62f00000 - 0x00007ffc62f1d000 	C:\WINDOWS\SYSTEM32\dhcpcsvc.DLL
0x00007ffc66c80000 - 0x00007ffc66d4c000 	C:\WINDOWS\SYSTEM32\DNSAPI.dll
0x00007ffc61880000 - 0x00007ffc6188b000 	C:\WINDOWS\SYSTEM32\WINNSI.DLL
0x00007ffc64c10000 - 0x00007ffc64c37000 	C:\Program Files\Android\Android Studio\jre\bin\sunec.dll
0x00007ffc59e60000 - 0x00007ffc59e6a000 	C:\Windows\System32\rasadhlp.dll
0x00007ffc59f90000 - 0x00007ffc5a00f000 	C:\WINDOWS\System32\fwpuclnt.dll

dbghelp: loaded successfully - version: 4.0.5 - missing functions: none
symbol engine: initialized successfully - sym options: 0x614 - pdb path: .;C:\Program Files\Android\Android Studio\jre\bin;C:\WINDOWS\SYSTEM32;C:\WINDOWS\WinSxS\amd64_microsoft.windows.common-controls_6595b64144ccf1df_6.0.19041.1110_none_60b5254171f9507e;C:\Program Files\Android\Android Studio\jre\bin\server;C:\Users\shivam\.gradle\native\fdc75f09e3144964f2cf3f50f0aa648679c211496f362492102eb8c894070792\windows-amd64;C:\Users\shivam\.gradle\native\12488b8bf47d2d4c9fbf2f6322a914ad602e24e48041cd04a747c6da556b65c4\windows-amd64

VM Arguments:
jvm_args: --add-opens=java.base/java.util=ALL-UNNAMED --add-opens=java.base/java.lang=ALL-UNNAMED --add-opens=java.base/java.lang.invoke=ALL-UNNAMED --add-opens=java.prefs/java.util.prefs=ALL-UNNAMED -Xmx2048m -Dfile.encoding=UTF-8 -Duser.country=IN -Duser.language=en -Duser.variant 
java_command: org.gradle.launcher.daemon.bootstrap.GradleDaemon 6.7.1
java_class_path (initial): C:\Users\shivam\.gradle\wrapper\dists\gradle-6.7.1-bin\bwlcbys1h7rz3272sye1xwiv6\gradle-6.7.1\lib\gradle-launcher-6.7.1.jar
Launcher Type: SUN_STANDARD

[Global flags]
     intx CICompilerCount                          = 4                                         {product} {ergonomic}
     uint ConcGCThreads                            = 2                                         {product} {ergonomic}
     uint G1ConcRefinementThreads                  = 8                                         {product} {ergonomic}
   size_t G1HeapRegionSize                         = 1048576                                   {product} {ergonomic}
    uintx GCDrainStackTargetSize                   = 64                                        {product} {ergonomic}
   size_t InitialHeapSize                          = 134217728                                 {product} {ergonomic}
   size_t MarkStackSize                            = 4194304                                   {product} {ergonomic}
   size_t MaxHeapSize                              = 2147483648                                {product} {command line}
   size_t MaxNewSize                               = 1287651328                                {product} {ergonomic}
   size_t MinHeapDeltaBytes                        = 1048576                                   {product} {ergonomic}
    uintx NonNMethodCodeHeapSize                   = 5836300                                {pd product} {ergonomic}
    uintx NonProfiledCodeHeapSize                  = 122910970                              {pd product} {ergonomic}
    uintx ProfiledCodeHeapSize                     = 122910970                              {pd product} {ergonomic}
    uintx ReservedCodeCacheSize                    = 251658240                              {pd product} {ergonomic}
     bool SegmentedCodeCache                       = true                                      {product} {ergonomic}
     bool UseCompressedClassPointers               = true                                 {lp64_product} {ergonomic}
     bool UseCompressedOops                        = true                                 {lp64_product} {ergonomic}
     bool UseG1GC                                  = true                                      {product} {ergonomic}
     bool UseLargePagesIndividualAllocation        = false                                  {pd product} {ergonomic}

Logging:
Log output configuration:
 #0: stdout all=warning uptime,level,tags
 #1: stderr all=off uptime,level,tags

Environment Variables:
PATH=C:\Program Files (x86)\Common Files\Intel\Shared Libraries\redist\intel64\compiler;C:\ProgramData\Oracle\Java\javapath;C:\Program Files (x86)\Intel\Intel(R) Management Engine Components\iCLS\;C:\Program Files\Intel\Intel(R) Management Engine Components\iCLS\;C:\WINDOWS\system32;C:\WINDOWS;C:\WINDOWS\System32\Wbem;C:\WINDOWS\System32\WindowsPowerShell\v1.0\;C:\Program Files (x86)\Intel\Intel(R) Management Engine Components\DAL;C:\Program Files\Intel\Intel(R) Management Engine Components\DAL;C:\Program Files (x86)\Intel\Intel(R) Management Engine Components\IPT;C:\Program Files\Intel\Intel(R) Management Engine Components\IPT;C:\Program Files\MATLAB\R2019b\bin;C:\Program Files\MATLAB\MATLAB Production Server\R2015a\runtime\win64;C:\Program Files\MATLAB\MATLAB Production Server\R2015a\bin;C:\Program Files\MATLAB\MATLAB Production Server\R2015a\polyspace\bin;C:\WINDOWS\System32\OpenSSH\;C:\Users\shivam\Desktop\java;C:\Program Files\Git\cmd;C:\Program Files\Java\jdk1.8.0_77\bin;C:\Users\shivam\AppData\Local\Programs\Microsoft VS Code\bin;C:\Users\shivam\AppData\Local\Microsoft\WindowsApps;
USERNAME=shivam
OS=Windows_NT
PROCESSOR_IDENTIFIER=Intel64 Family 6 Model 142 Stepping 10, GenuineIntel



---------------  S Y S T E M  ---------------

OS: Windows 10 , 64 bit Build 19041 (10.0.19041.1023)
OS uptime: 2 days 13:37 hours

CPU:total 8 (initial active 8) (4 cores per cpu, 2 threads per core) family 6 model 142 stepping 10, cmov, cx8, fxsr, mmx, sse, sse2, sse3, ssse3, sse4.1, sse4.2, popcnt, avx, avx2, aes, clmul, erms, 3dnowpref, lzcnt, ht, tsc, tscinvbit, bmi1, bmi2, adx, fma

Memory: 4k page, system-wide physical 8107M (181M free)
TotalPageFile size 20395M (AvailPageFile size 7M)
current process WorkingSet (physical memory assigned to process): 418M, peak: 471M
current process commit charge ("private bytes"): 799M, peak: 958M

vm_info: OpenJDK 64-Bit Server VM (11.0.8+10-b944.6842174) for windows-amd64 JRE (11.0.8+10-b944.6842174), built on Sep 19 2020 01:11:42 by "builder" with MS VC++ 14.0 (VS2015)

END.
